        -:    0:Source:dominion.c
        -:    0:Graph:dominion.gcno
        -:    0:Data:dominion.gcda
        -:    0:Runs:1
        -:    0:Programs:1
        -:    1:#include "dominion.h"
        -:    2:#include "dominion_helpers.h"
        -:    3:#include "rngs.h"
        -:    4:#include <stdio.h>
        -:    5:#include <math.h>
        -:    6:#include <stdlib.h>
        -:    7:
function compare called 2050676 returned 100% blocks executed 100%
  2050676:    8:int compare(const void* a, const void* b) {
  2050676:    9:    if (*(int*)a > *(int*)b)
branch  0 taken 49% (fallthrough)
branch  1 taken 51%
  1010808:   10:        return 1;
  1039868:   11:    if (*(int*)a < *(int*)b)
branch  0 taken 77% (fallthrough)
branch  1 taken 23%
   795939:   12:        return -1;
   243929:   13:    return 0;
        -:   14:}
        -:   15:
function newGame called 0 returned 0% blocks executed 0%
    #####:   16:struct gameState* newGame() {
    #####:   17:    struct gameState* g = malloc(sizeof(struct gameState));
    #####:   18:    return g;
        -:   19:}
        -:   20:
function kingdomCards called 0 returned 0% blocks executed 0%
    #####:   21:int* kingdomCards(int k1, int k2, int k3, int k4, int k5, int k6, int k7,
        -:   22:                  int k8, int k9, int k10) {
    #####:   23:    int* k = malloc(10 * sizeof(int));
    #####:   24:    k[0] = k1;
    #####:   25:    k[1] = k2;
    #####:   26:    k[2] = k3;
    #####:   27:    k[3] = k4;
    #####:   28:    k[4] = k5;
    #####:   29:    k[5] = k6;
    #####:   30:    k[6] = k7;
    #####:   31:    k[7] = k8;
    #####:   32:    k[8] = k9;
    #####:   33:    k[9] = k10;
    #####:   34:    return k;
        -:   35:}
        -:   36:
function initializeGame called 0 returned 0% blocks executed 0%
    #####:   37:int initializeGame(int numPlayers, int kingdomCards[10], int randomSeed,
        -:   38:                   struct gameState *state) {
        -:   39:    int i;
        -:   40:    int j;
        -:   41:    int it;
        -:   42:
        -:   43:    //set up random number generator
    #####:   44:    SelectStream(1);
call    0 never executed
    #####:   45:    PutSeed((long)randomSeed);
call    0 never executed
        -:   46:
        -:   47:    //check number of players
    #####:   48:    if (numPlayers > MAX_PLAYERS || numPlayers < 2)
branch  0 never executed
branch  1 never executed
branch  2 never executed
branch  3 never executed
        -:   49:    {
    #####:   50:        return -1;
        -:   51:    }
        -:   52:
        -:   53:    //set number of players
    #####:   54:    state->numPlayers = numPlayers;
        -:   55:
        -:   56:    //check selected kingdom cards are different
    #####:   57:    for (i = 0; i < 10; i++)
branch  0 never executed
branch  1 never executed
        -:   58:    {
    #####:   59:        for (j = 0; j < 10; j++)
branch  0 never executed
branch  1 never executed
        -:   60:        {
    #####:   61:            if (j != i && kingdomCards[j] == kingdomCards[i])
branch  0 never executed
branch  1 never executed
branch  2 never executed
branch  3 never executed
        -:   62:            {
    #####:   63:                return -1;
        -:   64:            }
        -:   65:        }
        -:   66:    }
        -:   67:
        -:   68:
        -:   69:    //initialize supply
        -:   70:    ///////////////////////////////
        -:   71:
        -:   72:    //set number of Curse cards
    #####:   73:    if (numPlayers == 2)
branch  0 never executed
branch  1 never executed
        -:   74:    {
    #####:   75:        state->supplyCount[curse] = 10;
        -:   76:    }
    #####:   77:    else if (numPlayers == 3)
branch  0 never executed
branch  1 never executed
        -:   78:    {
    #####:   79:        state->supplyCount[curse] = 20;
        -:   80:    }
        -:   81:    else
        -:   82:    {
    #####:   83:        state->supplyCount[curse] = 30;
        -:   84:    }
        -:   85:
        -:   86:    //set number of Victory cards
    #####:   87:    if (numPlayers == 2)
branch  0 never executed
branch  1 never executed
        -:   88:    {
    #####:   89:        state->supplyCount[estate] = 8;
    #####:   90:        state->supplyCount[duchy] = 8;
    #####:   91:        state->supplyCount[province] = 8;
        -:   92:    }
        -:   93:    else
        -:   94:    {
    #####:   95:        state->supplyCount[estate] = 12;
    #####:   96:        state->supplyCount[duchy] = 12;
    #####:   97:        state->supplyCount[province] = 12;
        -:   98:    }
        -:   99:
        -:  100:    //set number of Treasure cards
    #####:  101:    state->supplyCount[copper] = 60 - (7 * numPlayers);
    #####:  102:    state->supplyCount[silver] = 40;
    #####:  103:    state->supplyCount[gold] = 30;
        -:  104:
        -:  105:    //set number of Kingdom cards
    #####:  106:    for (i = adventurer; i <= treasure_map; i++)       	//loop all cards
branch  0 never executed
branch  1 never executed
        -:  107:    {
    #####:  108:        for (j = 0; j < 10; j++)           		//loop chosen cards
branch  0 never executed
branch  1 never executed
        -:  109:        {
    #####:  110:            if (kingdomCards[j] == i)
branch  0 never executed
branch  1 never executed
        -:  111:            {
        -:  112:                //check if card is a 'Victory' Kingdom card
    #####:  113:                if (kingdomCards[j] == great_hall || kingdomCards[j] == gardens)
branch  0 never executed
branch  1 never executed
branch  2 never executed
branch  3 never executed
        -:  114:                {
    #####:  115:                    if (numPlayers == 2) {
branch  0 never executed
branch  1 never executed
    #####:  116:                        state->supplyCount[i] = 8;
        -:  117:                    }
        -:  118:                    else {
    #####:  119:                        state->supplyCount[i] = 12;
        -:  120:                    }
        -:  121:                }
        -:  122:                else
        -:  123:                {
    #####:  124:                    state->supplyCount[i] = 10;
        -:  125:                }
    #####:  126:                break;
        -:  127:            }
        -:  128:            else    //card is not in the set choosen for the game
        -:  129:            {
    #####:  130:                state->supplyCount[i] = -1;
        -:  131:            }
        -:  132:        }
        -:  133:
        -:  134:    }
        -:  135:
        -:  136:    ////////////////////////
        -:  137:    //supply intilization complete
        -:  138:
        -:  139:    //set player decks
    #####:  140:    for (i = 0; i < numPlayers; i++)
branch  0 never executed
branch  1 never executed
        -:  141:    {
    #####:  142:        state->deckCount[i] = 0;
    #####:  143:        for (j = 0; j < 3; j++)
branch  0 never executed
branch  1 never executed
        -:  144:        {
    #####:  145:            state->deck[i][j] = estate;
    #####:  146:            state->deckCount[i]++;
        -:  147:        }
    #####:  148:        for (j = 3; j < 10; j++)
branch  0 never executed
branch  1 never executed
        -:  149:        {
    #####:  150:            state->deck[i][j] = copper;
    #####:  151:            state->deckCount[i]++;
        -:  152:        }
        -:  153:    }
        -:  154:
        -:  155:    //shuffle player decks
    #####:  156:    for (i = 0; i < numPlayers; i++)
branch  0 never executed
branch  1 never executed
        -:  157:    {
    #####:  158:        if ( shuffle(i, state) < 0 )
call    0 never executed
branch  1 never executed
branch  2 never executed
        -:  159:        {
    #####:  160:            return -1;
        -:  161:        }
        -:  162:    }
        -:  163:
        -:  164:    //draw player hands
    #####:  165:    for (i = 0; i < numPlayers; i++)
branch  0 never executed
branch  1 never executed
        -:  166:    {
        -:  167:        //initialize hand size to zero
    #####:  168:        state->handCount[i] = 0;
    #####:  169:        state->discardCount[i] = 0;
        -:  170:        //draw 5 cards
        -:  171:        // for (j = 0; j < 5; j++)
        -:  172:        //	{
        -:  173:        //	  drawCard(i, state);
        -:  174:        //	}
        -:  175:    }
        -:  176:
        -:  177:    //set embargo tokens to 0 for all supply piles
    #####:  178:    for (i = 0; i <= treasure_map; i++)
branch  0 never executed
branch  1 never executed
        -:  179:    {
    #####:  180:        state->embargoTokens[i] = 0;
        -:  181:    }
        -:  182:
        -:  183:    //initialize first player's turn
    #####:  184:    state->outpostPlayed = 0;
    #####:  185:    state->phase = 0;
    #####:  186:    state->numActions = 1;
    #####:  187:    state->numBuys = 1;
    #####:  188:    state->playedCardCount = 0;
    #####:  189:    state->whoseTurn = 0;
    #####:  190:    state->handCount[state->whoseTurn] = 0;
        -:  191:    //int it; move to top
        -:  192:
        -:  193:    //Moved draw cards to here, only drawing at the start of a turn
    #####:  194:    for (it = 0; it < 5; it++) {
branch  0 never executed
branch  1 never executed
    #####:  195:        drawCard(state->whoseTurn, state);
call    0 never executed
        -:  196:    }
        -:  197:
    #####:  198:    updateCoins(state->whoseTurn, state, 0);
call    0 never executed
        -:  199:
    #####:  200:    return 0;
        -:  201:}
        -:  202:
function shuffle called 30407 returned 100% blocks executed 100%
    30407:  203:int shuffle(int player, struct gameState *state) {
        -:  204:
        -:  205:
        -:  206:    int newDeck[MAX_DECK];
    30407:  207:    int newDeckPos = 0;
        -:  208:    int card;
        -:  209:    int i;
        -:  210:
    30407:  211:    if (state->deckCount[player] < 1)
branch  0 taken 30% (fallthrough)
branch  1 taken 70%
     9231:  212:        return -1;
    21176:  213:    qsort ((void*)(state->deck[player]), state->deckCount[player], sizeof(int), compare);
call    0 returned 100%
        -:  214:    /* SORT CARDS IN DECK TO ENSURE DETERMINISM! */
        -:  215:
   583536:  216:    while (state->deckCount[player] > 0) {
branch  0 taken 96%
branch  1 taken 4% (fallthrough)
   541184:  217:        card = floor(Random() * state->deckCount[player]);
call    0 returned 100%
   541184:  218:        newDeck[newDeckPos] = state->deck[player][card];
   541184:  219:        newDeckPos++;
  5065817:  220:        for (i = card; i < state->deckCount[player]-1; i++) {
branch  0 taken 89%
branch  1 taken 11% (fallthrough)
  4524633:  221:            state->deck[player][i] = state->deck[player][i+1];
        -:  222:        }
   541184:  223:        state->deckCount[player]--;
        -:  224:    }
   562360:  225:    for (i = 0; i < newDeckPos; i++) {
branch  0 taken 96%
branch  1 taken 4% (fallthrough)
   541184:  226:        state->deck[player][i] = newDeck[i];
   541184:  227:        state->deckCount[player]++;
        -:  228:    }
        -:  229:
    21176:  230:    return 0;
        -:  231:}
        -:  232:
function playCard called 0 returned 0% blocks executed 0%
    #####:  233:int playCard(int handPos, int choice1, int choice2, int choice3, struct gameState *state)
        -:  234:{
        -:  235:    int card;
    #####:  236:    int coin_bonus = 0; 		//tracks coins gain from actions
        -:  237:
        -:  238:    //check if it is the right phase
    #####:  239:    if (state->phase != 0)
branch  0 never executed
branch  1 never executed
        -:  240:    {
    #####:  241:        return -1;
        -:  242:    }
        -:  243:
        -:  244:    //check if player has enough actions
    #####:  245:    if ( state->numActions < 1 )
branch  0 never executed
branch  1 never executed
        -:  246:    {
    #####:  247:        return -1;
        -:  248:    }
        -:  249:
        -:  250:    //get card played
    #####:  251:    card = handCard(handPos, state);
call    0 never executed
        -:  252:
        -:  253:    //check if selected card is an action
    #####:  254:    if ( card < adventurer || card > treasure_map )
branch  0 never executed
branch  1 never executed
branch  2 never executed
branch  3 never executed
        -:  255:    {
    #####:  256:        return -1;
        -:  257:    }
        -:  258:
        -:  259:    //play card
    #####:  260:    if ( cardEffect(card, choice1, choice2, choice3, state, handPos, &coin_bonus) < 0 )
call    0 never executed
branch  1 never executed
branch  2 never executed
        -:  261:    {
    #####:  262:        return -1;
        -:  263:    }
        -:  264:
        -:  265:    //reduce number of actions
    #####:  266:    state->numActions--;
        -:  267:
        -:  268:    //update coins (Treasure cards may be added with card draws)
    #####:  269:    updateCoins(state->whoseTurn, state, coin_bonus);
call    0 never executed
        -:  270:
    #####:  271:    return 0;
        -:  272:}
        -:  273:
function buyCard called 0 returned 0% blocks executed 0%
    #####:  274:int buyCard(int supplyPos, struct gameState *state) {
        -:  275:    int who;
        -:  276:    if (DEBUG) {
        -:  277:        printf("Entering buyCard...\n");
        -:  278:    }
        -:  279:
        -:  280:    // I don't know what to do about the phase thing.
        -:  281:
    #####:  282:    who = state->whoseTurn;
        -:  283:
    #####:  284:    if (state->numBuys < 1) {
branch  0 never executed
branch  1 never executed
        -:  285:        if (DEBUG)
        -:  286:            printf("You do not have any buys left\n");
    #####:  287:        return -1;
    #####:  288:    } else if (supplyCount(supplyPos, state) <1) {
call    0 never executed
branch  1 never executed
branch  2 never executed
        -:  289:        if (DEBUG)
        -:  290:            printf("There are not any of that type of card left\n");
    #####:  291:        return -1;
    #####:  292:    } else if (state->coins < getCost(supplyPos)) {
call    0 never executed
branch  1 never executed
branch  2 never executed
        -:  293:        if (DEBUG)
        -:  294:            printf("You do not have enough money to buy that. You have %d coins.\n", state->coins);
    #####:  295:        return -1;
        -:  296:    } else {
    #####:  297:        state->phase=1;
        -:  298:        //state->supplyCount[supplyPos]--;
    #####:  299:        gainCard(supplyPos, state, 0, who); //card goes in discard, this might be wrong.. (2 means goes into hand, 0 goes into discard)
call    0 never executed
        -:  300:
    #####:  301:        state->coins = (state->coins) - (getCost(supplyPos));
call    0 never executed
    #####:  302:        state->numBuys--;
        -:  303:        if (DEBUG)
        -:  304:            printf("You bought card number %d for %d coins. You now have %d buys and %d coins.\n", supplyPos, getCost(supplyPos), state->numBuys, state->coins);
        -:  305:    }
        -:  306:
        -:  307:    //state->discard[who][state->discardCount[who]] = supplyPos;
        -:  308:    //state->discardCount[who]++;
        -:  309:
    #####:  310:    return 0;
        -:  311:}
        -:  312:
function numHandCards called 0 returned 0% blocks executed 0%
    #####:  313:int numHandCards(struct gameState *state) {
    #####:  314:    return state->handCount[ whoseTurn(state) ];
call    0 never executed
        -:  315:}
        -:  316:
function handCard called 0 returned 0% blocks executed 0%
    #####:  317:int handCard(int handPos, struct gameState *state) {
    #####:  318:    int currentPlayer = whoseTurn(state);
call    0 never executed
    #####:  319:    return state->hand[currentPlayer][handPos];
        -:  320:}
        -:  321:
function supplyCount called 0 returned 0% blocks executed 0%
    #####:  322:int supplyCount(int card, struct gameState *state) {
    #####:  323:    return state->supplyCount[card];
        -:  324:}
        -:  325:
function fullDeckCount called 0 returned 0% blocks executed 0%
    #####:  326:int fullDeckCount(int player, int card, struct gameState *state) {
        -:  327:    int i;
    #####:  328:    int count = 0;
        -:  329:
    #####:  330:    for (i = 0; i < state->deckCount[player]; i++)
branch  0 never executed
branch  1 never executed
        -:  331:    {
    #####:  332:        if (state->deck[player][i] == card) count++;
branch  0 never executed
branch  1 never executed
        -:  333:    }
        -:  334:
    #####:  335:    for (i = 0; i < state->handCount[player]; i++)
branch  0 never executed
branch  1 never executed
        -:  336:    {
    #####:  337:        if (state->hand[player][i] == card) count++;
branch  0 never executed
branch  1 never executed
        -:  338:    }
        -:  339:
    #####:  340:    for (i = 0; i < state->discardCount[player]; i++)
branch  0 never executed
branch  1 never executed
        -:  341:    {
    #####:  342:        if (state->discard[player][i] == card) count++;
branch  0 never executed
branch  1 never executed
        -:  343:    }
        -:  344:
    #####:  345:    return count;
        -:  346:}
        -:  347:
function whoseTurn called 5000 returned 100% blocks executed 100%
     5000:  348:int whoseTurn(struct gameState *state) {
     5000:  349:    return state->whoseTurn;
        -:  350:}
        -:  351:
function endTurn called 0 returned 0% blocks executed 0%
    #####:  352:int endTurn(struct gameState *state) {
        -:  353:    int k;
        -:  354:    int i;
    #####:  355:    int currentPlayer = whoseTurn(state);
call    0 never executed
        -:  356:
        -:  357:    //Discard hand
    #####:  358:    for (i = 0; i < state->handCount[currentPlayer]; i++) {
branch  0 never executed
branch  1 never executed
    #####:  359:        state->discard[currentPlayer][state->discardCount[currentPlayer]++] = state->hand[currentPlayer][i];//Discard
    #####:  360:        state->hand[currentPlayer][i] = -1;//Set card to -1
        -:  361:    }
    #####:  362:    state->handCount[currentPlayer] = 0;//Reset hand count
        -:  363:
        -:  364:    //Code for determining the player
    #####:  365:    if (currentPlayer < (state->numPlayers - 1)) {
branch  0 never executed
branch  1 never executed
    #####:  366:        state->whoseTurn = currentPlayer + 1;//Still safe to increment
        -:  367:    }
        -:  368:    else {
    #####:  369:        state->whoseTurn = 0;//Max player has been reached, loop back around to player 1
        -:  370:    }
        -:  371:
    #####:  372:    state->outpostPlayed = 0;
    #####:  373:    state->phase = 0;
    #####:  374:    state->numActions = 1;
    #####:  375:    state->coins = 0;
    #####:  376:    state->numBuys = 1;
    #####:  377:    state->playedCardCount = 0;
    #####:  378:    state->handCount[state->whoseTurn] = 0;
        -:  379:
        -:  380:    //int k; move to top
        -:  381:    //Next player draws hand
    #####:  382:    for (k = 0; k < 5; k++) {
branch  0 never executed
branch  1 never executed
    #####:  383:        drawCard(state->whoseTurn, state);//Draw a card
call    0 never executed
        -:  384:    }
        -:  385:
        -:  386:    //Update money
    #####:  387:    updateCoins(state->whoseTurn, state, 0);
call    0 never executed
        -:  388:
    #####:  389:    return 0;
        -:  390:}
        -:  391:
function isGameOver called 0 returned 0% blocks executed 0%
    #####:  392:int isGameOver(struct gameState *state) {
        -:  393:    int i;
        -:  394:    int j;
        -:  395:
        -:  396:    //if stack of Province cards is empty, the game ends
    #####:  397:    if (state->supplyCount[province] == 0)
branch  0 never executed
branch  1 never executed
        -:  398:    {
    #####:  399:        return 1;
        -:  400:    }
        -:  401:
        -:  402:    //if three supply pile are at 0, the game ends
    #####:  403:    j = 0;
    #####:  404:    for (i = 0; i < 25; i++)
branch  0 never executed
branch  1 never executed
        -:  405:    {
    #####:  406:        if (state->supplyCount[i] == 0)
branch  0 never executed
branch  1 never executed
        -:  407:        {
    #####:  408:            j++;
        -:  409:        }
        -:  410:    }
    #####:  411:    if ( j >= 3)
branch  0 never executed
branch  1 never executed
        -:  412:    {
    #####:  413:        return 1;
        -:  414:    }
        -:  415:
    #####:  416:    return 0;
        -:  417:}
        -:  418:
function scoreFor called 0 returned 0% blocks executed 0%
    #####:  419:int scoreFor (int player, struct gameState *state) {
        -:  420:
        -:  421:    int i;
    #####:  422:    int score = 0;
        -:  423:    //score from hand
    #####:  424:    for (i = 0; i < state->handCount[player]; i++)
branch  0 never executed
branch  1 never executed
        -:  425:    {
    #####:  426:        if (state->hand[player][i] == curse) {
branch  0 never executed
branch  1 never executed
    #####:  427:            score = score - 1;
        -:  428:        };
    #####:  429:        if (state->hand[player][i] == estate) {
branch  0 never executed
branch  1 never executed
    #####:  430:            score = score + 1;
        -:  431:        };
    #####:  432:        if (state->hand[player][i] == duchy) {
branch  0 never executed
branch  1 never executed
    #####:  433:            score = score + 3;
        -:  434:        };
    #####:  435:        if (state->hand[player][i] == province) {
branch  0 never executed
branch  1 never executed
    #####:  436:            score = score + 6;
        -:  437:        };
    #####:  438:        if (state->hand[player][i] == great_hall) {
branch  0 never executed
branch  1 never executed
    #####:  439:            score = score + 1;
        -:  440:        };
    #####:  441:        if (state->hand[player][i] == gardens) {
branch  0 never executed
branch  1 never executed
    #####:  442:            score = score + ( fullDeckCount(player, 0, state) / 10 );
call    0 never executed
        -:  443:        };
        -:  444:    }
        -:  445:
        -:  446:    //score from discard
    #####:  447:    for (i = 0; i < state->discardCount[player]; i++)
branch  0 never executed
branch  1 never executed
        -:  448:    {
    #####:  449:        if (state->discard[player][i] == curse) {
branch  0 never executed
branch  1 never executed
    #####:  450:            score = score - 1;
        -:  451:        };
    #####:  452:        if (state->discard[player][i] == estate) {
branch  0 never executed
branch  1 never executed
    #####:  453:            score = score + 1;
        -:  454:        };
    #####:  455:        if (state->discard[player][i] == duchy) {
branch  0 never executed
branch  1 never executed
    #####:  456:            score = score + 3;
        -:  457:        };
    #####:  458:        if (state->discard[player][i] == province) {
branch  0 never executed
branch  1 never executed
    #####:  459:            score = score + 6;
        -:  460:        };
    #####:  461:        if (state->discard[player][i] == great_hall) {
branch  0 never executed
branch  1 never executed
    #####:  462:            score = score + 1;
        -:  463:        };
    #####:  464:        if (state->discard[player][i] == gardens) {
branch  0 never executed
branch  1 never executed
    #####:  465:            score = score + ( fullDeckCount(player, 0, state) / 10 );
call    0 never executed
        -:  466:        };
        -:  467:    }
        -:  468:
        -:  469:    //score from deck
    #####:  470:    for (i = 0; i < state->discardCount[player]; i++)
branch  0 never executed
branch  1 never executed
        -:  471:    {
    #####:  472:        if (state->deck[player][i] == curse) {
branch  0 never executed
branch  1 never executed
    #####:  473:            score = score - 1;
        -:  474:        };
    #####:  475:        if (state->deck[player][i] == estate) {
branch  0 never executed
branch  1 never executed
    #####:  476:            score = score + 1;
        -:  477:        };
    #####:  478:        if (state->deck[player][i] == duchy) {
branch  0 never executed
branch  1 never executed
    #####:  479:            score = score + 3;
        -:  480:        };
    #####:  481:        if (state->deck[player][i] == province) {
branch  0 never executed
branch  1 never executed
    #####:  482:            score = score + 6;
        -:  483:        };
    #####:  484:        if (state->deck[player][i] == great_hall) {
branch  0 never executed
branch  1 never executed
    #####:  485:            score = score + 1;
        -:  486:        };
    #####:  487:        if (state->deck[player][i] == gardens) {
branch  0 never executed
branch  1 never executed
    #####:  488:            score = score + ( fullDeckCount(player, 0, state) / 10 );
call    0 never executed
        -:  489:        };
        -:  490:    }
        -:  491:
    #####:  492:    return score;
        -:  493:}
        -:  494:
function getWinners called 0 returned 0% blocks executed 0%
    #####:  495:int getWinners(int players[MAX_PLAYERS], struct gameState *state) {
        -:  496:    int i;
        -:  497:    int j;
        -:  498:    int highScore;
        -:  499:    int currentPlayer;
        -:  500:
        -:  501:    //get score for each player
    #####:  502:    for (i = 0; i < MAX_PLAYERS; i++)
branch  0 never executed
branch  1 never executed
        -:  503:    {
        -:  504:        //set unused player scores to -9999
    #####:  505:        if (i >= state->numPlayers)
branch  0 never executed
branch  1 never executed
        -:  506:        {
    #####:  507:            players[i] = -9999;
        -:  508:        }
        -:  509:        else
        -:  510:        {
    #####:  511:            players[i] = scoreFor (i, state);
call    0 never executed
        -:  512:        }
        -:  513:    }
        -:  514:
        -:  515:    //find highest score
    #####:  516:    j = 0;
    #####:  517:    for (i = 0; i < MAX_PLAYERS; i++)
branch  0 never executed
branch  1 never executed
        -:  518:    {
    #####:  519:        if (players[i] > players[j])
branch  0 never executed
branch  1 never executed
        -:  520:        {
    #####:  521:            j = i;
        -:  522:        }
        -:  523:    }
    #####:  524:    highScore = players[j];
        -:  525:
        -:  526:    //add 1 to players who had less turns
    #####:  527:    currentPlayer = whoseTurn(state);
call    0 never executed
    #####:  528:    for (i = 0; i < MAX_PLAYERS; i++)
branch  0 never executed
branch  1 never executed
        -:  529:    {
    #####:  530:        if ( players[i] == highScore && i > currentPlayer )
branch  0 never executed
branch  1 never executed
branch  2 never executed
branch  3 never executed
        -:  531:        {
    #####:  532:            players[i]++;
        -:  533:        }
        -:  534:    }
        -:  535:
        -:  536:    //find new highest score
    #####:  537:    j = 0;
    #####:  538:    for (i = 0; i < MAX_PLAYERS; i++)
branch  0 never executed
branch  1 never executed
        -:  539:    {
    #####:  540:        if ( players[i] > players[j] )
branch  0 never executed
branch  1 never executed
        -:  541:        {
    #####:  542:            j = i;
        -:  543:        }
        -:  544:    }
    #####:  545:    highScore = players[j];
        -:  546:
        -:  547:    //set winners in array to 1 and rest to 0
    #####:  548:    for (i = 0; i < MAX_PLAYERS; i++)
branch  0 never executed
branch  1 never executed
        -:  549:    {
    #####:  550:        if ( players[i] == highScore )
branch  0 never executed
branch  1 never executed
        -:  551:        {
    #####:  552:            players[i] = 1;
        -:  553:        }
        -:  554:        else
        -:  555:        {
    #####:  556:            players[i] = 0;
        -:  557:        }
        -:  558:    }
        -:  559:
    #####:  560:    return 0;
        -:  561:}
        -:  562:
function drawCard called 362939 returned 100% blocks executed 100%
   362939:  563:int drawCard(int player, struct gameState *state)
        -:  564:{   int count;
        -:  565:    int deckCounter;
   362939:  566:    if (state->deckCount[player] <= 0) { //Deck is empty
branch  0 taken 4% (fallthrough)
branch  1 taken 96%
        -:  567:
        -:  568:        //Step 1 Shuffle the discard pile back into a deck
        -:  569:        int i;
        -:  570:        //Move discard to deck
   190042:  571:        for (i = 0; i < state->discardCount[player]; i++) {
branch  0 taken 92%
branch  1 taken 8% (fallthrough)
   174306:  572:            state->deck[player][i] = state->discard[player][i];
   174306:  573:            state->discard[player][i] = -1;
        -:  574:        }
        -:  575:
    15736:  576:        state->deckCount[player] = state->discardCount[player];
    15736:  577:        state->discardCount[player] = 0;//Reset discard
        -:  578:
        -:  579:        //Shufffle the deck
    15736:  580:        shuffle(player, state);//Shuffle the deck up and make it so that we can draw
call    0 returned 100%
        -:  581:
        -:  582:        if (DEBUG) { //Debug statements
        -:  583:            printf("Deck count now: %d\n", state->deckCount[player]);
        -:  584:        }
        -:  585:
    15736:  586:        state->discardCount[player] = 0;
        -:  587:
        -:  588:        //Step 2 Draw Card
    15736:  589:        count = state->handCount[player];//Get current player's hand count
        -:  590:
        -:  591:        if (DEBUG) { //Debug statements
        -:  592:            printf("Current hand count: %d\n", count);
        -:  593:        }
        -:  594:
    15736:  595:        deckCounter = state->deckCount[player];//Create a holder for the deck count
        -:  596:
    15736:  597:        if (deckCounter == 0)
branch  0 taken 57% (fallthrough)
branch  1 taken 43%
     8942:  598:            return -1;
        -:  599:
     6794:  600:        state->hand[player][count] = state->deck[player][deckCounter - 1];//Add card to hand
     6794:  601:        state->deckCount[player]--;
     6794:  602:        state->handCount[player]++;//Increment hand count
        -:  603:    }
        -:  604:
        -:  605:    else {
   347203:  606:        int count = state->handCount[player];//Get current hand count for player
        -:  607:        int deckCounter;
        -:  608:        if (DEBUG) { //Debug statements
        -:  609:            printf("Current hand count: %d\n", count);
        -:  610:        }
        -:  611:
   347203:  612:        deckCounter = state->deckCount[player];//Create holder for the deck count
   347203:  613:        state->hand[player][count] = state->deck[player][deckCounter - 1];//Add card to the hand
   347203:  614:        state->deckCount[player]--;
   347203:  615:        state->handCount[player]++;//Increment hand count
        -:  616:    }
        -:  617:
   353997:  618:    return 0;
        -:  619:}
        -:  620:
function getCost called 0 returned 0% blocks executed 0%
    #####:  621:int getCost(int cardNumber)
        -:  622:{
    #####:  623:    switch( cardNumber )
branch  0 never executed
branch  1 never executed
branch  2 never executed
branch  3 never executed
branch  4 never executed
branch  5 never executed
branch  6 never executed
branch  7 never executed
branch  8 never executed
branch  9 never executed
branch 10 never executed
branch 11 never executed
branch 12 never executed
branch 13 never executed
branch 14 never executed
branch 15 never executed
branch 16 never executed
branch 17 never executed
branch 18 never executed
branch 19 never executed
branch 20 never executed
branch 21 never executed
branch 22 never executed
branch 23 never executed
branch 24 never executed
branch 25 never executed
branch 26 never executed
branch 27 never executed
        -:  624:    {
    #####:  625:    case curse:
    #####:  626:        return 0;
    #####:  627:    case estate:
    #####:  628:        return 2;
    #####:  629:    case duchy:
    #####:  630:        return 5;
    #####:  631:    case province:
    #####:  632:        return 8;
    #####:  633:    case copper:
    #####:  634:        return 0;
    #####:  635:    case silver:
    #####:  636:        return 3;
    #####:  637:    case gold:
    #####:  638:        return 6;
    #####:  639:    case adventurer:
    #####:  640:        return 6;
    #####:  641:    case council_room:
    #####:  642:        return 5;
    #####:  643:    case feast:
    #####:  644:        return 4;
    #####:  645:    case gardens:
    #####:  646:        return 4;
    #####:  647:    case mine:
    #####:  648:        return 5;
    #####:  649:    case remodel:
    #####:  650:        return 4;
    #####:  651:    case smithy:
    #####:  652:        return 4;
    #####:  653:    case village:
    #####:  654:        return 3;
    #####:  655:    case baron:
    #####:  656:        return 4;
    #####:  657:    case great_hall:
    #####:  658:        return 3;
    #####:  659:    case minion:
    #####:  660:        return 5;
    #####:  661:    case steward:
    #####:  662:        return 3;
    #####:  663:    case tribute:
    #####:  664:        return 5;
    #####:  665:    case ambassador:
    #####:  666:        return 3;
    #####:  667:    case cutpurse:
    #####:  668:        return 4;
    #####:  669:    case embargo:
    #####:  670:        return 2;
    #####:  671:    case outpost:
    #####:  672:        return 5;
    #####:  673:    case salvager:
    #####:  674:        return 4;
    #####:  675:    case sea_hag:
    #####:  676:        return 4;
    #####:  677:    case treasure_map:
    #####:  678:        return 4;
        -:  679:    }
        -:  680:
    #####:  681:    return -1;
        -:  682:}
        -:  683:
function BaronAction called 0 returned 0% blocks executed 0%
    #####:  684:int BaronAction(int discard, struct gameState *state, int handPos, int currentPlayer){
    #####:  685:    state->numBuys++;//Increase buys by 1!
    #####:  686:    int cardNotDiscarded = 1;
    #####:  687:    if (discard > 0) { //Boolean true or going to discard an estate
branch  0 never executed
branch  1 never executed
    #####:  688:        int p = 0;//Iterator for hand!
        -:  689:
    #####:  690:        while(cardNotDiscarded) {
branch  0 never executed
branch  1 never executed
    #####:  691:            if (state->hand[currentPlayer][p] == estate) { //Found an estate card!
branch  0 never executed
branch  1 never executed
    #####:  692:                state->coins += 4;//Add 4 coins to the amount of coins
    #####:  693:                discardCard(p, currentPlayer, state, 0);
call    0 never executed
    #####:  694:                cardNotDiscarded = 0;//Exit the loop
        -:  695:            }
    #####:  696:            else if (p > state->handCount[currentPlayer]) {
branch  0 never executed
branch  1 never executed
        -:  697:                if(DEBUG) {
        -:  698:                    printf("No estate cards in your hand, invalid choice\n");
        -:  699:                    printf("Must gain an estate if there are any\n");
        -:  700:                }
        -:  701:                //break;
    #####:  702:                cardNotDiscarded = 0;
        -:  703:            }
        -:  704:            else {
    #####:  705:                p++;//Next card
        -:  706:            }
        -:  707:        }
        -:  708:    }
        -:  709:
    #####:  710:    if (discard==0 || cardNotDiscarded==1 ){
branch  0 never executed
branch  1 never executed
branch  2 never executed
branch  3 never executed
    #####:  711:        if (supplyCount(estate, state) > 0) {
call    0 never executed
branch  1 never executed
branch  2 never executed
    #####:  712:            gainCard(estate, state, 0, currentPlayer);//Gain an estate
call    0 never executed
        -:  713:
    #####:  714:            state->supplyCount[estate]--;//Decrement Estates
    #####:  715:            if (supplyCount(estate, state) == 0) {
call    0 never executed
branch  1 never executed
branch  2 never executed
    #####:  716:                isGameOver(state);
call    0 never executed
        -:  717:            }
        -:  718:        }
        -:  719:    }
        -:  720:
    #####:  721:    discardCard(handPos, currentPlayer, state, 0);
call    0 never executed
        -:  722:
    #####:  723:    return 0;
        -:  724:}
        -:  725:
function MinionAction called 0 returned 0% blocks executed 0%
    #####:  726:int MinionAction(int coinChoice, struct gameState *state, int handPos){
    #####:  727:    int currentPlayer = whoseTurn(state);
call    0 never executed
        -:  728:    int i;
        -:  729:    int j;
        -:  730:    //+1 action
        -:  731:    //state->numActions++;
        -:  732:
        -:  733:    //discard card from hand
    #####:  734:    discardCard(handPos, currentPlayer, state, 0);
call    0 never executed
        -:  735:
    #####:  736:    if (coinChoice)
branch  0 never executed
branch  1 never executed
    #####:  737:        state->coins +=2;
        -:  738:
        -:  739:    else{		//discard hand, redraw 4, other players with 5+ cards discard hand and draw 4
        -:  740:        //current player and other players (if other players hand size > 4) discard hand and redraw
    #####:  741:        for (i = 0; i < state->numPlayers; i++){
branch  0 never executed
branch  1 never executed
    #####:  742:            if ( state->handCount[i] > 4 || i == currentPlayer){
branch  0 never executed
branch  1 never executed
branch  2 never executed
branch  3 never executed
        -:  743:                //discard hand
    #####:  744:                while( state->handCount[i] > 0 )
branch  0 never executed
branch  1 never executed
    #####:  745:                    discardCard(0, i, state, 0);
call    0 never executed
        -:  746:                //draw 4
    #####:  747:                for (j = 0; j <= 4; j++)
branch  0 never executed
branch  1 never executed
    #####:  748:                    drawCard(i, state);
call    0 never executed
        -:  749:            }
        -:  750:
        -:  751:        }
        -:  752:
        -:  753:    }
        -:  754:
    #####:  755:    return 0;
        -:  756:}
        -:  757:
        -:  758:
function AmbassadorAction called 0 returned 0% blocks executed 0%
    #####:  759:int AmbassadorAction(int choice1, int choice2, struct gameState *state, int handPos){
    #####:  760:    int discardCnt = 0;		//used to check if player has enough cards to discard
    #####:  761:    int currentPlayer = whoseTurn(state);
call    0 never executed
        -:  762:    int i;
        -:  763:
        -:  764:    /*if (choice2 > 2 || choice2 < 0)
        -:  765:        return -1;
        -:  766:    */
    #####:  767:    if (choice1 == handPos)
branch  0 never executed
branch  1 never executed
    #####:  768:        return -1;
        -:  769:
        -:  770:    //get the type of card user has chosen to reveal and store in variable (cardToReveal)
    #####:  771:    int cardToReveal=handCard(choice1, state);
call    0 never executed
        -:  772:
    #####:  773:    for (i = 0; i < state->handCount[currentPlayer]; i++){
branch  0 never executed
branch  1 never executed
    #####:  774:        if (i!= handPos && cardToReveal == handCard(i, state))
branch  0 never executed
branch  1 never executed
call    2 never executed
branch  3 never executed
branch  4 never executed
    #####:  775:            discardCnt++;
        -:  776:    }
        -:  777:
    #####:  778:    if (discardCnt < choice2)
branch  0 never executed
branch  1 never executed
    #####:  779:        return -1;
        -:  780:
        -:  781:    if (DEBUG)
        -:  782:        printf("Player %d reveals card number: %d\n", currentPlayer, state->hand[currentPlayer][choice1]);
        -:  783:
        -:  784:    //increase supply count for choosen card by amount being discarded
        -:  785:    //state->supplyCount[cardToReveal] += choice2;
        -:  786:
        -:  787:    //each other player gains a copy of revealed card
    #####:  788:    for (i = 0; i < state->numPlayers; i++){
branch  0 never executed
branch  1 never executed
    #####:  789:        if (i != currentPlayer)
branch  0 never executed
branch  1 never executed
    #####:  790:            gainCard(cardToReveal, state, 0, i);
call    0 never executed
        -:  791:    }
        -:  792:
        -:  793:    //discard played card from hand
    #####:  794:    discardCard(handPos, currentPlayer, state, 0);
call    0 never executed
        -:  795:
        -:  796:    //trash copies of cards returned to supply
    #####:  797:    for (discardCnt = 0; discardCnt < choice2; discardCnt++){
branch  0 never executed
branch  1 never executed
    #####:  798:        for (i = 0; i < state->handCount[currentPlayer]; i++){
branch  0 never executed
branch  1 never executed
    #####:  799:            if (cardToReveal == handCard(i, state)){
call    0 never executed
branch  1 never executed
branch  2 never executed
    #####:  800:                discardCard(i, currentPlayer, state, 1);
call    0 never executed
        -:  801:            }
        -:  802:        }
        -:  803:    }
        -:  804:
    #####:  805:    return 0;
        -:  806:}
        -:  807:
function TributeAction called 5000 returned 100% blocks executed 100%
     5000:  808:int TributeAction(struct gameState *state, int handPos){
     5000:  809:    int currentPlayer = whoseTurn(state);
call    0 returned 100%
     5000:  810:    int nextPlayer = currentPlayer + 1;
     5000:  811:    if (nextPlayer > (state->numPlayers - 1)) {
branch  0 taken 35% (fallthrough)
branch  1 taken 65%
     1759:  812:        nextPlayer = 0;
        -:  813:    }
        -:  814:
     5000:  815:    int tributeRevealedCards[2] = {-1, -1};
        -:  816:
     5000:  817:    int nxtPlyDeckCnt = state->deckCount[nextPlayer];
     5000:  818:    int nxtPlyDiscCnt = state->discardCount[nextPlayer];
     5000:  819:    int nxtPlyHandCnt = state->handCount[nextPlayer];
        -:  820:    int i;
     5000:  821:    int tributeCnt = 0;
        -:  822:
     5000:  823:    if (nxtPlyDeckCnt+nxtPlyDiscCnt<1){
branch  0 taken 2% (fallthrough)
branch  1 taken 98%
        -:  824:        if (DEBUG) {
        -:  825:            printf("No cards to reveal\n");
        -:  826:        }
      100:  827:        return 0;
        -:  828:    }
        -:  829:
    14700:  830:    for (i=0; i<2; i++){
branch  0 taken 67%
branch  1 taken 33% (fallthrough)
   263553:  831:        while (nxtPlyDeckCnt+nxtPlyDiscCnt>=1){
branch  0 taken 96%
branch  1 taken 4% (fallthrough)
   243953:  832:            drawCard(nextPlayer, state);
call    0 returned 100%
   243953:  833:            tributeRevealedCards[i]=state->hand[nextPlayer][nxtPlyHandCnt];
   243953:  834:            tributeCnt++;
   243953:  835:            nxtPlyHandCnt++;
   243953:  836:            nxtPlyDeckCnt = state->deckCount[nextPlayer];     //update deck count
   243953:  837:            nxtPlyDiscCnt = state->discardCount[nextPlayer];  //update discard count
        -:  838:        }
        -:  839:    }
        -:  840:
   248853:  841:    for (i=0; i<tributeCnt; i++){
branch  0 taken 98%
branch  1 taken 2% (fallthrough)
   243953:  842:        discardCard(nxtPlyHandCnt-1, nextPlayer, state, 0);
call    0 returned 100%
   243953:  843:        nxtPlyHandCnt--;
        -:  844:    }
        -:  845:
        -:  846:  /*  if (tributeRevealedCards[0] == tributeRevealedCards[1])  //If we have a duplicate card, just drop one
        -:  847:        tributeCnt--;
        -:  848:  */
   248853:  849:    for (i = 0; i < tributeCnt; i ++) {
branch  0 taken 98%
branch  1 taken 2% (fallthrough)
   243953:  850:        if (tributeRevealedCards[i] == copper || tributeRevealedCards[i] == silver || tributeRevealedCards[i] == gold){//Treasure cards
branch  0 taken 92% (fallthrough)
branch  1 taken 8%
branch  2 taken 94% (fallthrough)
branch  3 taken 6%
branch  4 taken 6% (fallthrough)
branch  5 taken 94%
    45792:  851:            state->coins += 2;
        -:  852:        }
        -:  853:
   198161:  854:        else if (tributeRevealedCards[i] == estate || tributeRevealedCards[i] == duchy || tributeRevealedCards[i] == province || tributeRevealedCards[i] == gardens /*|| tributeRevealedCards[i] == great_hall*/) { //Victory Card Found
branch  0 taken 89% (fallthrough)
branch  1 taken 11%
branch  2 taken 90% (fallthrough)
branch  3 taken 10%
branch  4 taken 90% (fallthrough)
branch  5 taken 10%
branch  6 taken 4% (fallthrough)
branch  7 taken 96%
    59493:  855:            drawCard(currentPlayer, state);
call    0 returned 100%
    59493:  856:            drawCard(currentPlayer, state);
call    0 returned 100%
        -:  857:        }
        -:  858:        else { //Action Card
   138668:  859:            state->numActions = state->numActions + 2;
        -:  860:        }
        -:  861:    }
        -:  862:
        -:  863:    //discard card from hand
     4900:  864:    discardCard(handPos, currentPlayer, state, 0);
call    0 returned 100%
        -:  865:
     4900:  866:    return 0;
        -:  867:
        -:  868:}
        -:  869:
function MineAction called 0 returned 0% blocks executed 0%
    #####:  870:int MineAction(int choice1, int choice2, struct gameState *state, int handPos){
    #####:  871:    int currentPlayer = whoseTurn(state);
call    0 never executed
    #####:  872:    int trashCard = state->hand[currentPlayer][choice1];  //store card we will trash
        -:  873:
    #####:  874:    if (trashCard > treasure_map || trashCard  < curse)
branch  0 never executed
branch  1 never executed
branch  2 never executed
branch  3 never executed
        -:  875:    {
    #####:  876:        return -1;
        -:  877:    }
        -:  878:
    #####:  879:    if (choice2 > treasure_map || choice2 < curse)
branch  0 never executed
branch  1 never executed
branch  2 never executed
branch  3 never executed
        -:  880:    {
    #####:  881:        return -1;
        -:  882:    }
        -:  883:
        -:  884:    /*(if ( (getCost(trashCard) + 3) > getCost(choice2) )
        -:  885:    {
        -:  886:        return -1;
        -:  887:    }*/
        -:  888:
        -:  889:
    #####:  890:    gainCard(choice2, state, 2, currentPlayer);
call    0 never executed
        -:  891:
        -:  892:    //discard card from hand
    #####:  893:    discardCard(handPos, currentPlayer, state, 1);
call    0 never executed
        -:  894:
        -:  895:    //discard trashed card
    #####:  896:    discardCard(choice1, currentPlayer, state, 1);
call    0 never executed
        -:  897:
    #####:  898:    return 0;
        -:  899:
        -:  900:}
        -:  901:
function cardEffect called 0 returned 0% blocks executed 0%
    #####:  902:int cardEffect(int card, int choice1, int choice2, int choice3, struct gameState *state, int handPos, int *bonus)
        -:  903:{
        -:  904:    int i;
        -:  905:    int j;
        -:  906:    int k;
        -:  907:    int x;
        -:  908:    int index;
    #####:  909:    int currentPlayer = whoseTurn(state);
call    0 never executed
    #####:  910:    int nextPlayer = currentPlayer + 1;
        -:  911:
    #####:  912:    int tributeRevealedCards[2] = {-1, -1};
        -:  913:    int temphand[MAX_HAND];// moved above the if statement
    #####:  914:    int drawntreasure=0;
        -:  915:    int cardDrawn;
    #####:  916:    int z = 0;// this is the counter for the temp hand
    #####:  917:    if (nextPlayer > (state->numPlayers - 1)) {
branch  0 never executed
branch  1 never executed
    #####:  918:        nextPlayer = 0;
        -:  919:    }
        -:  920:
        -:  921:
        -:  922:    //uses switch to select card and perform actions
    #####:  923:    switch( card )
branch  0 never executed
branch  1 never executed
branch  2 never executed
branch  3 never executed
branch  4 never executed
branch  5 never executed
branch  6 never executed
branch  7 never executed
branch  8 never executed
branch  9 never executed
branch 10 never executed
branch 11 never executed
branch 12 never executed
branch 13 never executed
branch 14 never executed
branch 15 never executed
branch 16 never executed
branch 17 never executed
branch 18 never executed
branch 19 never executed
branch 20 never executed
        -:  924:    {
    #####:  925:    case adventurer:
    #####:  926:        while(drawntreasure<2) {
branch  0 never executed
branch  1 never executed
    #####:  927:            if (state->deckCount[currentPlayer] <1) { //if the deck is empty we need to shuffle discard and add to deck
branch  0 never executed
branch  1 never executed
    #####:  928:                shuffle(currentPlayer, state);
call    0 never executed
        -:  929:            }
    #####:  930:            drawCard(currentPlayer, state);
call    0 never executed
    #####:  931:            cardDrawn = state->hand[currentPlayer][state->handCount[currentPlayer]-1];//top card of hand is most recently drawn card.
    #####:  932:            if (cardDrawn == copper || cardDrawn == silver || cardDrawn == gold)
branch  0 never executed
branch  1 never executed
branch  2 never executed
branch  3 never executed
branch  4 never executed
branch  5 never executed
    #####:  933:                drawntreasure++;
        -:  934:            else {
    #####:  935:                temphand[z]=cardDrawn;
    #####:  936:                state->handCount[currentPlayer]--; //this should just remove the top card (the most recently drawn one).
    #####:  937:                z++;
        -:  938:            }
        -:  939:        }
    #####:  940:        while(z-1>=0) {
branch  0 never executed
branch  1 never executed
    #####:  941:            state->discard[currentPlayer][state->discardCount[currentPlayer]++]=temphand[z-1]; // discard all cards in play that have been drawn
    #####:  942:            z=z-1;
        -:  943:        }
    #####:  944:        return 0;
        -:  945:
    #####:  946:    case council_room:
        -:  947:        //+4 Cards
    #####:  948:        for (i = 0; i < 4; i++)
branch  0 never executed
branch  1 never executed
        -:  949:        {
    #####:  950:            drawCard(currentPlayer, state);
call    0 never executed
        -:  951:        }
        -:  952:
        -:  953:        //+1 Buy
    #####:  954:        state->numBuys++;
        -:  955:
        -:  956:        //Each other player draws a card
    #####:  957:        for (i = 0; i < state->numPlayers; i++)
branch  0 never executed
branch  1 never executed
        -:  958:        {
    #####:  959:            if ( i != currentPlayer )
branch  0 never executed
branch  1 never executed
        -:  960:            {
    #####:  961:                drawCard(i, state);
call    0 never executed
        -:  962:            }
        -:  963:        }
        -:  964:
        -:  965:        //put played card in played card pile
    #####:  966:        discardCard(handPos, currentPlayer, state, 0);
call    0 never executed
        -:  967:
    #####:  968:        return 0;
        -:  969:
    #####:  970:    case feast:
        -:  971:        //gain card with cost up to 5
        -:  972:        //Backup hand
    #####:  973:        for (i = 0; i <= state->handCount[currentPlayer]; i++) {
branch  0 never executed
branch  1 never executed
    #####:  974:            temphand[i] = state->hand[currentPlayer][i];//Backup card
    #####:  975:            state->hand[currentPlayer][i] = -1;//Set to nothing
        -:  976:        }
        -:  977:        //Backup hand
        -:  978:
        -:  979:        //Update Coins for Buy
    #####:  980:        updateCoins(currentPlayer, state, 5);
call    0 never executed
    #####:  981:        x = 1;//Condition to loop on
    #####:  982:        while( x == 1) {//Buy one card
branch  0 never executed
branch  1 never executed
    #####:  983:            if (supplyCount(choice1, state) <= 0) {
call    0 never executed
branch  1 never executed
branch  2 never executed
        -:  984:                if (DEBUG)
        -:  985:                    printf("None of that card left, sorry!\n");
        -:  986:
        -:  987:                if (DEBUG) {
        -:  988:                    printf("Cards Left: %d\n", supplyCount(choice1, state));
        -:  989:                }
        -:  990:            }
    #####:  991:            else if (state->coins < getCost(choice1)) {
call    0 never executed
branch  1 never executed
branch  2 never executed
    #####:  992:                printf("That card is too expensive!\n");
call    0 never executed
        -:  993:
        -:  994:                if (DEBUG) {
        -:  995:                    printf("Coins: %d < %d\n", state->coins, getCost(choice1));
        -:  996:                }
        -:  997:            }
        -:  998:            else {
        -:  999:
        -: 1000:                if (DEBUG) {
        -: 1001:                    printf("Deck Count: %d\n", state->handCount[currentPlayer] + state->deckCount[currentPlayer] + state->discardCount[currentPlayer]);
        -: 1002:                }
        -: 1003:
    #####: 1004:                gainCard(choice1, state, 0, currentPlayer);//Gain the card
call    0 never executed
    #####: 1005:                x = 0;//No more buying cards
        -: 1006:
        -: 1007:                if (DEBUG) {
        -: 1008:                    printf("Deck Count: %d\n", state->handCount[currentPlayer] + state->deckCount[currentPlayer] + state->discardCount[currentPlayer]);
        -: 1009:                }
        -: 1010:
        -: 1011:            }
        -: 1012:        }
        -: 1013:
        -: 1014:        //Reset Hand
    #####: 1015:        for (i = 0; i <= state->handCount[currentPlayer]; i++) {
branch  0 never executed
branch  1 never executed
    #####: 1016:            state->hand[currentPlayer][i] = temphand[i];
    #####: 1017:            temphand[i] = -1;
        -: 1018:        }
        -: 1019:        //Reset Hand
        -: 1020:
    #####: 1021:        return 0;
        -: 1022:
    #####: 1023:    case gardens:
    #####: 1024:        return -1;
        -: 1025:
    #####: 1026:    case mine:
    #####: 1027:      return MineAction(choice1, choice2, state, handPos);
call    0 never executed
        -: 1028:
        -: 1029:/*        j = state->hand[currentPlayer][choice1];  //store card we will trash
        -: 1030:
        -: 1031:        if (state->hand[currentPlayer][choice1] < copper || state->hand[currentPlayer][choice1] > gold)
        -: 1032:        {
        -: 1033:            return -1;
        -: 1034:        }
        -: 1035:
        -: 1036:        if (choice2 > treasure_map || choice2 < curse)
        -: 1037:        {
        -: 1038:            return -1;
        -: 1039:        }
        -: 1040:
        -: 1041:        if ( (getCost(state->hand[currentPlayer][choice1]) + 3) > getCost(choice2) )
        -: 1042:        {
        -: 1043:            return -1;
        -: 1044:        }
        -: 1045:
        -: 1046:        gainCard(choice2, state, 2, currentPlayer);
        -: 1047:
        -: 1048:        //discard card from hand
        -: 1049:        discardCard(handPos, currentPlayer, state, 0);
        -: 1050:
        -: 1051:        //discard trashed card
        -: 1052:        for (i = 0; i < state->handCount[currentPlayer]; i++)
        -: 1053:        {
        -: 1054:            if (state->hand[currentPlayer][i] == j)
        -: 1055:            {
        -: 1056:                discardCard(i, currentPlayer, state, 0);
        -: 1057:                break;
        -: 1058:            }
        -: 1059:        }
        -: 1060:
        -: 1061:        return 0;
        -: 1062:*/
    #####: 1063:    case remodel:
    #####: 1064:        j = state->hand[currentPlayer][choice1];  //store card we will trash
        -: 1065:
    #####: 1066:        if ( (getCost(state->hand[currentPlayer][choice1]) + 2) > getCost(choice2) )
call    0 never executed
call    1 never executed
branch  2 never executed
branch  3 never executed
        -: 1067:        {
    #####: 1068:            return -1;
        -: 1069:        }
        -: 1070:
    #####: 1071:        gainCard(choice2, state, 0, currentPlayer);
call    0 never executed
        -: 1072:
        -: 1073:        //discard card from hand
    #####: 1074:        discardCard(handPos, currentPlayer, state, 0);
call    0 never executed
        -: 1075:
        -: 1076:        //discard trashed card
    #####: 1077:        for (i = 0; i < state->handCount[currentPlayer]; i++)
branch  0 never executed
branch  1 never executed
        -: 1078:        {
    #####: 1079:            if (state->hand[currentPlayer][i] == j)
branch  0 never executed
branch  1 never executed
        -: 1080:            {
    #####: 1081:                discardCard(i, currentPlayer, state, 0);
call    0 never executed
    #####: 1082:                break;
        -: 1083:            }
        -: 1084:        }
        -: 1085:
        -: 1086:
    #####: 1087:        return 0;
        -: 1088:
    #####: 1089:    case smithy:
        -: 1090:        //+3 Cards
    #####: 1091:        for (i = 0; i < 3; i++)
branch  0 never executed
branch  1 never executed
        -: 1092:        {
    #####: 1093:            drawCard(currentPlayer, state);
call    0 never executed
        -: 1094:        }
        -: 1095:
        -: 1096:        //discard card from hand
    #####: 1097:        discardCard(handPos, currentPlayer, state, 0);
call    0 never executed
    #####: 1098:        return 0;
        -: 1099:
    #####: 1100:    case village:
        -: 1101:        //+1 Card
    #####: 1102:        drawCard(currentPlayer, state);
call    0 never executed
        -: 1103:
        -: 1104:        //+2 Actions
    #####: 1105:        state->numActions = state->numActions + 2;
        -: 1106:
        -: 1107:        //discard played card from hand
    #####: 1108:        discardCard(handPos, currentPlayer, state, 0);
call    0 never executed
    #####: 1109:        return 0;
        -: 1110:
    #####: 1111:    case baron:
    #####: 1112:        return BaronAction(choice1, state, handPos, currentPlayer);
call    0 never executed
        -: 1113:
        -: 1114:/*
        -: 1115:        state->numBuys++;//Increase buys by 1!
        -: 1116:        if (choice1 > 0) { //Boolean true or going to discard an estate
        -: 1117:            int p = 0;//Iterator for hand!
        -: 1118:            int card_not_discarded = 1;//Flag for discard set!
        -: 1119:            while(card_not_discarded) {
        -: 1120:                if (state->hand[currentPlayer][p] == estate) { //Found an estate card!
        -: 1121:                    state->coins += 4;//Add 4 coins to the amount of coins
        -: 1122:                    state->discard[currentPlayer][state->discardCount[currentPlayer]] = state->hand[currentPlayer][p];
        -: 1123:                    state->discardCount[currentPlayer]++;
        -: 1124:                    for (; p < state->handCount[currentPlayer]; p++) {
        -: 1125:                        state->hand[currentPlayer][p] = state->hand[currentPlayer][p+1];
        -: 1126:                    }
        -: 1127:                    state->hand[currentPlayer][state->handCount[currentPlayer]] = -1;
        -: 1128:                    state->handCount[currentPlayer]--;
        -: 1129:                    card_not_discarded = 0;//Exit the loop
        -: 1130:                }
        -: 1131:                else if (p > state->handCount[currentPlayer]) {
        -: 1132:                    if(DEBUG) {
        -: 1133:                        printf("No estate cards in your hand, invalid choice\n");
        -: 1134:                        printf("Must gain an estate if there are any\n");
        -: 1135:                    }
        -: 1136:                    if (supplyCount(estate, state) > 0) {
        -: 1137:                        gainCard(estate, state, 0, currentPlayer);
        -: 1138:
        -: 1139:                        state->supplyCount[estate]--;//Decrement estates
        -: 1140:                        if (supplyCount(estate, state) == 0) {
        -: 1141:                            isGameOver(state);
        -: 1142:                        }
        -: 1143:                    }
        -: 1144:                    card_not_discarded = 0;//Exit the loop
        -: 1145:                }
        -: 1146:
        -: 1147:                else {
        -: 1148:                    p++;//Next card
        -: 1149:                }
        -: 1150:            }
        -: 1151:        }
        -: 1152:
        -: 1153:        else {
        -: 1154:            if (supplyCount(estate, state) > 0) {
        -: 1155:                gainCard(estate, state, 0, currentPlayer);//Gain an estate
        -: 1156:
        -: 1157:                state->supplyCount[estate]--;//Decrement Estates
        -: 1158:                if (supplyCount(estate, state) == 0) {
        -: 1159:                    isGameOver(state);
        -: 1160:                }
        -: 1161:            }
        -: 1162:        }
        -: 1163:
        -: 1164:
        -: 1165:        return 0;
        -: 1166:*/
    #####: 1167:    case great_hall:
        -: 1168:        //+1 Card
    #####: 1169:        drawCard(currentPlayer, state);
call    0 never executed
        -: 1170:
        -: 1171:        //+1 Actions
    #####: 1172:        state->numActions++;
        -: 1173:
        -: 1174:        //discard card from hand
    #####: 1175:        discardCard(handPos, currentPlayer, state, 0);
call    0 never executed
    #####: 1176:        return 0;
        -: 1177:
    #####: 1178:    case minion:
    #####: 1179:        return MinionAction(choice1, state, handPos);
call    0 never executed
        -: 1180:
        -: 1181:/*
        -: 1182:        //+1 action
        -: 1183:        state->numActions++;
        -: 1184:
        -: 1185:        //discard card from hand
        -: 1186:        discardCard(handPos, currentPlayer, state, 0);
        -: 1187:
        -: 1188:		    if (choice1)
        -: 1189:        {
        -: 1190:            state->coins = state->coins + 2;
        -: 1191:        }
        -: 1192:        else if (choice2)		//discard hand, redraw 4, other players with 5+ cards discard hand and draw 4
        -: 1193:        {
        -: 1194:            //discard hand
        -: 1195:            while(numHandCards(state) > 0)
        -: 1196:            {
        -: 1197:                discardCard(handPos, currentPlayer, state, 0);
        -: 1198:            }
        -: 1199:
        -: 1200:            //draw 4
        -: 1201:            for (i = 0; i < 4; i++)
        -: 1202:            {
        -: 1203:                drawCard(currentPlayer, state);
        -: 1204:            }
        -: 1205:
        -: 1206:            //other players discard hand and redraw if hand size > 4
        -: 1207:            for (i = 0; i < state->numPlayers; i++)
        -: 1208:            {
        -: 1209:                if (i != currentPlayer)
        -: 1210:                {
        -: 1211:                    if ( state->handCount[i] > 4 )
        -: 1212:                    {
        -: 1213:                        //discard hand
        -: 1214:                        while( state->handCount[i] > 0 )
        -: 1215:                        {
        -: 1216:                            discardCard(handPos, i, state, 0);
        -: 1217:                        }
        -: 1218:
        -: 1219:                        //draw 4
        -: 1220:                        for (j = 0; j < 4; j++)
        -: 1221:                        {
        -: 1222:                            drawCard(i, state);
        -: 1223:                        }
        -: 1224:                    }
        -: 1225:                }
        -: 1226:            }
        -: 1227:
        -: 1228:        }
        -: 1229:        return 0;
        -: 1230:*/
    #####: 1231:    case steward:
    #####: 1232:        if (choice1 == 1)
branch  0 never executed
branch  1 never executed
        -: 1233:        {
        -: 1234:            //+2 cards
    #####: 1235:            drawCard(currentPlayer, state);
call    0 never executed
    #####: 1236:            drawCard(currentPlayer, state);
call    0 never executed
        -: 1237:        }
    #####: 1238:        else if (choice1 == 2)
branch  0 never executed
branch  1 never executed
        -: 1239:        {
        -: 1240:            //+2 coins
    #####: 1241:            state->coins = state->coins + 2;
        -: 1242:        }
        -: 1243:        else
        -: 1244:        {
        -: 1245:            //trash 2 cards in hand
    #####: 1246:            discardCard(choice2, currentPlayer, state, 1);
call    0 never executed
    #####: 1247:            discardCard(choice3, currentPlayer, state, 1);
call    0 never executed
        -: 1248:        }
        -: 1249:
        -: 1250:        //discard card from hand
    #####: 1251:        discardCard(handPos, currentPlayer, state, 0);
call    0 never executed
    #####: 1252:        return 0;
        -: 1253:
    #####: 1254:    case tribute:
    #####: 1255:        TributeAction(state, handPos);
call    0 never executed
        -: 1256:/*
        -: 1257:        if ((state->discardCount[nextPlayer] + state->deckCount[nextPlayer]) <= 1) {
        -: 1258:            if (state->deckCount[nextPlayer] > 0) {
        -: 1259:                tributeRevealedCards[0] = state->deck[nextPlayer][state->deckCount[nextPlayer]-1];
        -: 1260:                state->deckCount[nextPlayer]--;
        -: 1261:            }
        -: 1262:            else if (state->discardCount[nextPlayer] > 0) {
        -: 1263:                tributeRevealedCards[0] = state->discard[nextPlayer][state->discardCount[nextPlayer]-1];
        -: 1264:                state->discardCount[nextPlayer]--;
        -: 1265:            }
        -: 1266:            else {
        -: 1267:                //No Card to Reveal
        -: 1268:                if (DEBUG) {
        -: 1269:                    printf("No cards to reveal\n");
        -: 1270:                }
        -: 1271:            }
        -: 1272:        }
        -: 1273:
        -: 1274:        else {
        -: 1275:            if (state->deckCount[nextPlayer] == 0) {
        -: 1276:                for (i = 0; i < state->discardCount[nextPlayer]; i++) {
        -: 1277:                    state->deck[nextPlayer][i] = state->discard[nextPlayer][i];//Move to deck
        -: 1278:                    state->deckCount[nextPlayer]++;
        -: 1279:                    state->discard[nextPlayer][i] = -1;
        -: 1280:                    state->discardCount[nextPlayer]--;
        -: 1281:                }
        -: 1282:
        -: 1283:                shuffle(nextPlayer,state);//Shuffle the deck
        -: 1284:            }
        -: 1285:            tributeRevealedCards[0] = state->deck[nextPlayer][state->deckCount[nextPlayer]-1];
        -: 1286:            state->deck[nextPlayer][state->deckCount[nextPlayer]--] = -1;
        -: 1287:            state->deckCount[nextPlayer]--;
        -: 1288:            tributeRevealedCards[1] = state->deck[nextPlayer][state->deckCount[nextPlayer]-1];
        -: 1289:            state->deck[nextPlayer][state->deckCount[nextPlayer]--] = -1;
        -: 1290:            state->deckCount[nextPlayer]--;
        -: 1291:        }
        -: 1292:
        -: 1293:        if (tributeRevealedCards[0] == tributeRevealedCards[1]) { //If we have a duplicate card, just drop one
        -: 1294:            state->playedCards[state->playedCardCount] = tributeRevealedCards[1];
        -: 1295:            state->playedCardCount++;
        -: 1296:            tributeRevealedCards[1] = -1;
        -: 1297:        }
        -: 1298:
        -: 1299:        for (i = 0; i <= 2; i ++) {
        -: 1300:            if (tributeRevealedCards[i] == copper || tributeRevealedCards[i] == silver || tributeRevealedCards[i] == gold) { //Treasure cards
        -: 1301:                state->coins += 2;
        -: 1302:            }
        -: 1303:
        -: 1304:            else if (tributeRevealedCards[i] == estate || tributeRevealedCards[i] == duchy || tributeRevealedCards[i] == province || tributeRevealedCards[i] == gardens || tributeRevealedCards[i] == great_hall) { //Victory Card Found
        -: 1305:                drawCard(currentPlayer, state);
        -: 1306:                drawCard(currentPlayer, state);
        -: 1307:            }
        -: 1308:            else { //Action Card
        -: 1309:                state->numActions = state->numActions + 2;
        -: 1310:            }
        -: 1311:        }
        -: 1312:
        -: 1313:        return 0;
        -: 1314:*/
    #####: 1315:    case ambassador:
    #####: 1316:        return AmbassadorAction(choice1, choice2, state, handPos);
call    0 never executed
        -: 1317:
        -: 1318:    /*
        -: 1319:        j = 0;		//used to check if player has enough cards to discard
        -: 1320:
        -: 1321:        if (choice2 > 2 || choice2 < 0)
        -: 1322:        {
        -: 1323:            return -1;
        -: 1324:        }
        -: 1325:
        -: 1326:        if (choice1 == handPos)
        -: 1327:        {
        -: 1328:            return -1;
        -: 1329:        }
        -: 1330:
        -: 1331:        for (i = 0; i < state->handCount[currentPlayer]; i++)
        -: 1332:        {
        -: 1333:            if (i != handPos && i == state->hand[currentPlayer][choice1] && i != choice1)
        -: 1334:            {
        -: 1335:                j++;
        -: 1336:            }
        -: 1337:        }
        -: 1338:        if (j < choice2)
        -: 1339:        {
        -: 1340:            return -1;
        -: 1341:        }
        -: 1342:
        -: 1343:        if (DEBUG)
        -: 1344:            printf("Player %d reveals card number: %d\n", currentPlayer, state->hand[currentPlayer][choice1]);
        -: 1345:
        -: 1346:        //increase supply count for choosen card by amount being discarded
        -: 1347:        state->supplyCount[state->hand[currentPlayer][choice1]] += choice2;
        -: 1348:
        -: 1349:        //each other player gains a copy of revealed card
        -: 1350:        for (i = 0; i < state->numPlayers; i++)
        -: 1351:        {
        -: 1352:            if (i != currentPlayer)
        -: 1353:            {
        -: 1354:                gainCard(state->hand[currentPlayer][choice1], state, 0, i);
        -: 1355:            }
        -: 1356:        }
        -: 1357:
        -: 1358:        //discard played card from hand
        -: 1359:        discardCard(handPos, currentPlayer, state, 0);
        -: 1360:
        -: 1361:        //trash copies of cards returned to supply
        -: 1362:        for (j = 0; j < choice2; j++)
        -: 1363:        {
        -: 1364:            for (i = 0; i < state->handCount[currentPlayer]; i++)
        -: 1365:            {
        -: 1366:                if (state->hand[currentPlayer][i] == state->hand[currentPlayer][choice1])
        -: 1367:                {
        -: 1368:                    discardCard(i, currentPlayer, state, 1);
        -: 1369:                    break;
        -: 1370:                }
        -: 1371:            }
        -: 1372:        }
        -: 1373:
        -: 1374:        return 0;
        -: 1375:*/
    #####: 1376:    case cutpurse:
        -: 1377:
    #####: 1378:        updateCoins(currentPlayer, state, 2);
call    0 never executed
    #####: 1379:        for (i = 0; i < state->numPlayers; i++)
branch  0 never executed
branch  1 never executed
        -: 1380:        {
    #####: 1381:            if (i != currentPlayer)
branch  0 never executed
branch  1 never executed
        -: 1382:            {
    #####: 1383:                for (j = 0; j < state->handCount[i]; j++)
branch  0 never executed
branch  1 never executed
        -: 1384:                {
    #####: 1385:                    if (state->hand[i][j] == copper)
branch  0 never executed
branch  1 never executed
        -: 1386:                    {
    #####: 1387:                        discardCard(j, i, state, 0);
call    0 never executed
    #####: 1388:                        break;
        -: 1389:                    }
    #####: 1390:                    if (j == state->handCount[i])
branch  0 never executed
branch  1 never executed
        -: 1391:                    {
    #####: 1392:                        for (k = 0; k < state->handCount[i]; k++)
branch  0 never executed
branch  1 never executed
        -: 1393:                        {
        -: 1394:                            if (DEBUG)
        -: 1395:                                printf("Player %d reveals card number %d\n", i, state->hand[i][k]);
        -: 1396:                        }
    #####: 1397:                        break;
        -: 1398:                    }
        -: 1399:                }
        -: 1400:
        -: 1401:            }
        -: 1402:
        -: 1403:        }
        -: 1404:
        -: 1405:        //discard played card from hand
    #####: 1406:        discardCard(handPos, currentPlayer, state, 0);
call    0 never executed
        -: 1407:
    #####: 1408:        return 0;
        -: 1409:
        -: 1410:
    #####: 1411:    case embargo:
        -: 1412:        //+2 Coins
    #####: 1413:        state->coins = state->coins + 2;
        -: 1414:
        -: 1415:        //see if selected pile is in play
    #####: 1416:        if ( state->supplyCount[choice1] == -1 )
branch  0 never executed
branch  1 never executed
        -: 1417:        {
    #####: 1418:            return -1;
        -: 1419:        }
        -: 1420:
        -: 1421:        //add embargo token to selected supply pile
    #####: 1422:        state->embargoTokens[choice1]++;
        -: 1423:
        -: 1424:        //trash card
    #####: 1425:        discardCard(handPos, currentPlayer, state, 1);
call    0 never executed
    #####: 1426:        return 0;
        -: 1427:
    #####: 1428:    case outpost:
        -: 1429:        //set outpost flag
    #####: 1430:        state->outpostPlayed++;
        -: 1431:
        -: 1432:        //discard card
    #####: 1433:        discardCard(handPos, currentPlayer, state, 0);
call    0 never executed
    #####: 1434:        return 0;
        -: 1435:
    #####: 1436:    case salvager:
        -: 1437:        //+1 buy
    #####: 1438:        state->numBuys++;
        -: 1439:
    #####: 1440:        if (choice1)
branch  0 never executed
branch  1 never executed
        -: 1441:        {
        -: 1442:            //gain coins equal to trashed card
    #####: 1443:            state->coins = state->coins + getCost( handCard(choice1, state) );
call    0 never executed
call    1 never executed
        -: 1444:            //trash card
    #####: 1445:            discardCard(choice1, currentPlayer, state, 1);
call    0 never executed
        -: 1446:        }
        -: 1447:
        -: 1448:        //discard card
    #####: 1449:        discardCard(handPos, currentPlayer, state, 0);
call    0 never executed
    #####: 1450:        return 0;
        -: 1451:
    #####: 1452:    case sea_hag:
    #####: 1453:        for (i = 0; i < state->numPlayers; i++) {
branch  0 never executed
branch  1 never executed
    #####: 1454:            if (i != currentPlayer) {
branch  0 never executed
branch  1 never executed
    #####: 1455:                state->discard[i][state->discardCount[i]] = state->deck[i][state->deckCount[i]--];
    #####: 1456:                state->deckCount[i]--;
    #####: 1457:                state->discardCount[i]++;
    #####: 1458:                state->deck[i][state->deckCount[i]--] = curse;//Top card now a curse
        -: 1459:            }
        -: 1460:        }
    #####: 1461:        return 0;
        -: 1462:
    #####: 1463:    case treasure_map:
        -: 1464:        //search hand for another treasure_map
    #####: 1465:        index = -1;
    #####: 1466:        for (i = 0; i < state->handCount[currentPlayer]; i++)
branch  0 never executed
branch  1 never executed
        -: 1467:        {
    #####: 1468:            if (state->hand[currentPlayer][i] == treasure_map && i != handPos)
branch  0 never executed
branch  1 never executed
branch  2 never executed
branch  3 never executed
        -: 1469:            {
    #####: 1470:                index = i;
    #####: 1471:                break;
        -: 1472:            }
        -: 1473:        }
    #####: 1474:        if (index > -1)
branch  0 never executed
branch  1 never executed
        -: 1475:        {
        -: 1476:            //trash both treasure cards
    #####: 1477:            discardCard(handPos, currentPlayer, state, 1);
call    0 never executed
    #####: 1478:            discardCard(index, currentPlayer, state, 1);
call    0 never executed
        -: 1479:
        -: 1480:            //gain 4 Gold cards
    #####: 1481:            for (i = 0; i < 4; i++)
branch  0 never executed
branch  1 never executed
        -: 1482:            {
    #####: 1483:                gainCard(gold, state, 1, currentPlayer);
call    0 never executed
        -: 1484:            }
        -: 1485:
        -: 1486:            //return success
    #####: 1487:            return 1;
        -: 1488:        }
        -: 1489:
        -: 1490:        //no second treasure_map found in hand
    #####: 1491:        return -1;
        -: 1492:    }
        -: 1493:
    #####: 1494:    return -1;
        -: 1495:}
        -: 1496:
function discardCard called 248853 returned 100% blocks executed 89%
   248853: 1497:int discardCard(int handPos, int currentPlayer, struct gameState *state, int trashFlag)
        -: 1498:{
        -: 1499:
        -: 1500:    //if card is not trashed, added to Played pile
   248853: 1501:    if (trashFlag < 1)
branch  0 taken 100% (fallthrough)
branch  1 taken 0%
        -: 1502:    {
        -: 1503:        //add card to played pile
   248853: 1504:        state->playedCards[state->playedCardCount] = state->hand[currentPlayer][handPos];
   248853: 1505:        state->playedCardCount++;
        -: 1506:    }
        -: 1507:
        -: 1508:    //set played card to -1
   248853: 1509:    state->hand[currentPlayer][handPos] = -1;
        -: 1510:
        -: 1511:    //remove card from player's hand
   248853: 1512:    if ( handPos == (state->handCount[currentPlayer] - 1) ) 	//last card in hand array is played
branch  0 taken 98% (fallthrough)
branch  1 taken 2%
        -: 1513:    {
        -: 1514:        //reduce number of cards in hand
   243955: 1515:        state->handCount[currentPlayer]--;
        -: 1516:    }
     4898: 1517:    else if ( state->handCount[currentPlayer] == 1 ) //only one card in hand
branch  0 taken 0% (fallthrough)
branch  1 taken 100%
        -: 1518:    {
        -: 1519:        //reduce number of cards in hand
    #####: 1520:        state->handCount[currentPlayer]--;
        -: 1521:    }
        -: 1522:    else
        -: 1523:    {
        -: 1524:        //replace discarded card with last card in hand
     4898: 1525:        state->hand[currentPlayer][handPos] = state->hand[currentPlayer][ (state->handCount[currentPlayer] - 1)];
        -: 1526:        //set last card to -1
     4898: 1527:        state->hand[currentPlayer][state->handCount[currentPlayer] - 1] = -1;
        -: 1528:        //reduce number of cards in hand
     4898: 1529:        state->handCount[currentPlayer]--;
        -: 1530:    }
        -: 1531:
   248853: 1532:    return 0;
        -: 1533:}
        -: 1534:
function gainCard called 0 returned 0% blocks executed 0%
    #####: 1535:int gainCard(int supplyPos, struct gameState *state, int toFlag, int player)
        -: 1536:{
        -: 1537:    //Note: supplyPos is enum of choosen card
        -: 1538:
        -: 1539:    //check if supply pile is empty (0) or card is not used in game (-1)
    #####: 1540:    if ( supplyCount(supplyPos, state) < 1 )
call    0 never executed
branch  1 never executed
branch  2 never executed
        -: 1541:    {
    #####: 1542:        return -1;
        -: 1543:    }
        -: 1544:
        -: 1545:    //added card for [whoseTurn] current player:
        -: 1546:    // toFlag = 0 : add to discard
        -: 1547:    // toFlag = 1 : add to deck
        -: 1548:    // toFlag = 2 : add to hand
        -: 1549:
    #####: 1550:    if (toFlag == 1)
branch  0 never executed
branch  1 never executed
        -: 1551:    {
    #####: 1552:        state->deck[ player ][ state->deckCount[player] ] = supplyPos;
    #####: 1553:        state->deckCount[player]++;
        -: 1554:    }
    #####: 1555:    else if (toFlag == 2)
branch  0 never executed
branch  1 never executed
        -: 1556:    {
    #####: 1557:        state->hand[ player ][ state->handCount[player] ] = supplyPos;
    #####: 1558:        state->handCount[player]++;
        -: 1559:    }
        -: 1560:    else
        -: 1561:    {
    #####: 1562:        state->discard[player][ state->discardCount[player] ] = supplyPos;
    #####: 1563:        state->discardCount[player]++;
        -: 1564:    }
        -: 1565:
        -: 1566:    //decrease number in supply pile
    #####: 1567:    state->supplyCount[supplyPos]--;
        -: 1568:
    #####: 1569:    return 0;
        -: 1570:}
        -: 1571:
function updateCoins called 0 returned 0% blocks executed 0%
    #####: 1572:int updateCoins(int player, struct gameState *state, int bonus)
        -: 1573:{
        -: 1574:    int i;
        -: 1575:
        -: 1576:    //reset coin count
    #####: 1577:    state->coins = 0;
        -: 1578:
        -: 1579:    //add coins for each Treasure card in player's hand
    #####: 1580:    for (i = 0; i < state->handCount[player]; i++)
branch  0 never executed
branch  1 never executed
        -: 1581:    {
    #####: 1582:        if (state->hand[player][i] == copper)
branch  0 never executed
branch  1 never executed
        -: 1583:        {
    #####: 1584:            state->coins += 1;
        -: 1585:        }
    #####: 1586:        else if (state->hand[player][i] == silver)
branch  0 never executed
branch  1 never executed
        -: 1587:        {
    #####: 1588:            state->coins += 2;
        -: 1589:        }
    #####: 1590:        else if (state->hand[player][i] == gold)
branch  0 never executed
branch  1 never executed
        -: 1591:        {
    #####: 1592:            state->coins += 3;
        -: 1593:        }
        -: 1594:    }
        -: 1595:
        -: 1596:    //add bonus
    #####: 1597:    state->coins += bonus;
        -: 1598:
    #####: 1599:    return 0;
        -: 1600:}
        -: 1601:
        -: 1602:
        -: 1603://end of dominion.c
