        -:    0:Source:dominion.c
        -:    0:Graph:dominion.gcno
        -:    0:Data:dominion.gcda
        -:    0:Runs:1
        -:    0:Programs:1
        -:    1:#include "dominion.h"
        -:    2:#include "dominion_helpers.h"
        -:    3:#include "rngs.h"
        -:    4:#include <stdio.h>
        -:    5:#include <math.h>
        -:    6:#include <stdlib.h>
        -:    7:
function compare called 112 returned 100% blocks executed 83%
      112:    8:int compare(const void* a, const void* b) {
      112:    9:    if (*(int*)a > *(int*)b)
branch  0 taken 0% (fallthrough)
branch  1 taken 100%
    #####:   10:        return 1;
      112:   11:    if (*(int*)a < *(int*)b)
branch  0 taken 36% (fallthrough)
branch  1 taken 64%
       40:   12:        return -1;
       72:   13:    return 0;
        -:   14:}
        -:   15:
function newGame called 0 returned 0% blocks executed 0%
    #####:   16:struct gameState* newGame() {
    #####:   17:    struct gameState* g = malloc(sizeof(struct gameState));
    #####:   18:    return g;
        -:   19:}
        -:   20:
function kingdomCards called 0 returned 0% blocks executed 0%
    #####:   21:int* kingdomCards(int k1, int k2, int k3, int k4, int k5, int k6, int k7,
        -:   22:                  int k8, int k9, int k10) {
    #####:   23:    int* k = malloc(10 * sizeof(int));
    #####:   24:    k[0] = k1;
    #####:   25:    k[1] = k2;
    #####:   26:    k[2] = k3;
    #####:   27:    k[3] = k4;
    #####:   28:    k[4] = k5;
    #####:   29:    k[5] = k6;
    #####:   30:    k[6] = k7;
    #####:   31:    k[7] = k8;
    #####:   32:    k[8] = k9;
    #####:   33:    k[9] = k10;
    #####:   34:    return k;
        -:   35:}
        -:   36:
function initializeGame called 0 returned 0% blocks executed 0%
    #####:   37:int initializeGame(int numPlayers, int kingdomCards[10], int randomSeed,
        -:   38:                   struct gameState *state) {
        -:   39:    int i;
        -:   40:    int j;
        -:   41:    int it;
        -:   42:
        -:   43:    //set up random number generator
    #####:   44:    SelectStream(1);
call    0 never executed
    #####:   45:    PutSeed((long)randomSeed);
call    0 never executed
        -:   46:
        -:   47:    //check number of players
    #####:   48:    if (numPlayers > MAX_PLAYERS || numPlayers < 2)
branch  0 never executed
branch  1 never executed
branch  2 never executed
branch  3 never executed
        -:   49:    {
    #####:   50:        return -1;
        -:   51:    }
        -:   52:
        -:   53:    //set number of players
    #####:   54:    state->numPlayers = numPlayers;
        -:   55:
        -:   56:    //check selected kingdom cards are different
    #####:   57:    for (i = 0; i < 10; i++)
branch  0 never executed
branch  1 never executed
        -:   58:    {
    #####:   59:        for (j = 0; j < 10; j++)
branch  0 never executed
branch  1 never executed
        -:   60:        {
    #####:   61:            if (j != i && kingdomCards[j] == kingdomCards[i])
branch  0 never executed
branch  1 never executed
branch  2 never executed
branch  3 never executed
        -:   62:            {
    #####:   63:                return -1;
        -:   64:            }
        -:   65:        }
        -:   66:    }
        -:   67:
        -:   68:
        -:   69:    //initialize supply
        -:   70:    ///////////////////////////////
        -:   71:
        -:   72:    //set number of Curse cards
    #####:   73:    if (numPlayers == 2)
branch  0 never executed
branch  1 never executed
        -:   74:    {
    #####:   75:        state->supplyCount[curse] = 10;
        -:   76:    }
    #####:   77:    else if (numPlayers == 3)
branch  0 never executed
branch  1 never executed
        -:   78:    {
    #####:   79:        state->supplyCount[curse] = 20;
        -:   80:    }
        -:   81:    else
        -:   82:    {
    #####:   83:        state->supplyCount[curse] = 30;
        -:   84:    }
        -:   85:
        -:   86:    //set number of Victory cards
    #####:   87:    if (numPlayers == 2)
branch  0 never executed
branch  1 never executed
        -:   88:    {
    #####:   89:        state->supplyCount[estate] = 8;
    #####:   90:        state->supplyCount[duchy] = 8;
    #####:   91:        state->supplyCount[province] = 8;
        -:   92:    }
        -:   93:    else
        -:   94:    {
    #####:   95:        state->supplyCount[estate] = 12;
    #####:   96:        state->supplyCount[duchy] = 12;
    #####:   97:        state->supplyCount[province] = 12;
        -:   98:    }
        -:   99:
        -:  100:    //set number of Treasure cards
    #####:  101:    state->supplyCount[copper] = 60 - (7 * numPlayers);
    #####:  102:    state->supplyCount[silver] = 40;
    #####:  103:    state->supplyCount[gold] = 30;
        -:  104:
        -:  105:    //set number of Kingdom cards
    #####:  106:    for (i = adventurer; i <= treasure_map; i++)       	//loop all cards
branch  0 never executed
branch  1 never executed
        -:  107:    {
    #####:  108:        for (j = 0; j < 10; j++)           		//loop chosen cards
branch  0 never executed
branch  1 never executed
        -:  109:        {
    #####:  110:            if (kingdomCards[j] == i)
branch  0 never executed
branch  1 never executed
        -:  111:            {
        -:  112:                //check if card is a 'Victory' Kingdom card
    #####:  113:                if (kingdomCards[j] == great_hall || kingdomCards[j] == gardens)
branch  0 never executed
branch  1 never executed
branch  2 never executed
branch  3 never executed
        -:  114:                {
    #####:  115:                    if (numPlayers == 2) {
branch  0 never executed
branch  1 never executed
    #####:  116:                        state->supplyCount[i] = 8;
        -:  117:                    }
        -:  118:                    else {
    #####:  119:                        state->supplyCount[i] = 12;
        -:  120:                    }
        -:  121:                }
        -:  122:                else
        -:  123:                {
    #####:  124:                    state->supplyCount[i] = 10;
        -:  125:                }
    #####:  126:                break;
        -:  127:            }
        -:  128:            else    //card is not in the set choosen for the game
        -:  129:            {
    #####:  130:                state->supplyCount[i] = -1;
        -:  131:            }
        -:  132:        }
        -:  133:
        -:  134:    }
        -:  135:
        -:  136:    ////////////////////////
        -:  137:    //supply intilization complete
        -:  138:
        -:  139:    //set player decks
    #####:  140:    for (i = 0; i < numPlayers; i++)
branch  0 never executed
branch  1 never executed
        -:  141:    {
    #####:  142:        state->deckCount[i] = 0;
    #####:  143:        for (j = 0; j < 3; j++)
branch  0 never executed
branch  1 never executed
        -:  144:        {
    #####:  145:            state->deck[i][j] = estate;
    #####:  146:            state->deckCount[i]++;
        -:  147:        }
    #####:  148:        for (j = 3; j < 10; j++)
branch  0 never executed
branch  1 never executed
        -:  149:        {
    #####:  150:            state->deck[i][j] = copper;
    #####:  151:            state->deckCount[i]++;
        -:  152:        }
        -:  153:    }
        -:  154:
        -:  155:    //shuffle player decks
    #####:  156:    for (i = 0; i < numPlayers; i++)
branch  0 never executed
branch  1 never executed
        -:  157:    {
    #####:  158:        if ( shuffle(i, state) < 0 )
call    0 never executed
branch  1 never executed
branch  2 never executed
        -:  159:        {
    #####:  160:            return -1;
        -:  161:        }
        -:  162:    }
        -:  163:
        -:  164:    //draw player hands
    #####:  165:    for (i = 0; i < numPlayers; i++)
branch  0 never executed
branch  1 never executed
        -:  166:    {
        -:  167:        //initialize hand size to zero
    #####:  168:        state->handCount[i] = 0;
    #####:  169:        state->discardCount[i] = 0;
        -:  170:        //draw 5 cards
        -:  171:        // for (j = 0; j < 5; j++)
        -:  172:        //	{
        -:  173:        //	  drawCard(i, state);
        -:  174:        //	}
        -:  175:    }
        -:  176:
        -:  177:    //set embargo tokens to 0 for all supply piles
    #####:  178:    for (i = 0; i <= treasure_map; i++)
branch  0 never executed
branch  1 never executed
        -:  179:    {
    #####:  180:        state->embargoTokens[i] = 0;
        -:  181:    }
        -:  182:
        -:  183:    //initialize first player's turn
    #####:  184:    state->outpostPlayed = 0;
    #####:  185:    state->phase = 0;
    #####:  186:    state->numActions = 1;
    #####:  187:    state->numBuys = 1;
    #####:  188:    state->playedCardCount = 0;
    #####:  189:    state->whoseTurn = 0;
    #####:  190:    state->handCount[state->whoseTurn] = 0;
        -:  191:    //int it; move to top
        -:  192:
        -:  193:    //Moved draw cards to here, only drawing at the start of a turn
    #####:  194:    for (it = 0; it < 5; it++) {
branch  0 never executed
branch  1 never executed
    #####:  195:        drawCard(state->whoseTurn, state);
call    0 never executed
        -:  196:    }
        -:  197:
    #####:  198:    updateCoins(state->whoseTurn, state, 0);
call    0 never executed
        -:  199:
    #####:  200:    return 0;
        -:  201:}
        -:  202:
function shuffle called 8 returned 100% blocks executed 94%
        8:  203:int shuffle(int player, struct gameState *state) {
        -:  204:
        -:  205:
        -:  206:    int newDeck[MAX_DECK];
        8:  207:    int newDeckPos = 0;
        -:  208:    int card;
        -:  209:    int i;
        -:  210:
        8:  211:    if (state->deckCount[player] < 1)
branch  0 taken 0% (fallthrough)
branch  1 taken 100%
    #####:  212:        return -1;
        8:  213:    qsort ((void*)(state->deck[player]), state->deckCount[player], sizeof(int), compare);
call    0 returned 100%
        -:  214:    /* SORT CARDS IN DECK TO ENSURE DETERMINISM! */
        -:  215:
       96:  216:    while (state->deckCount[player] > 0) {
branch  0 taken 91%
branch  1 taken 9% (fallthrough)
       80:  217:        card = floor(Random() * state->deckCount[player]);
call    0 returned 100%
       80:  218:        newDeck[newDeckPos] = state->deck[player][card];
       80:  219:        newDeckPos++;
      288:  220:        for (i = card; i < state->deckCount[player]-1; i++) {
branch  0 taken 72%
branch  1 taken 28% (fallthrough)
      208:  221:            state->deck[player][i] = state->deck[player][i+1];
        -:  222:        }
       80:  223:        state->deckCount[player]--;
        -:  224:    }
       88:  225:    for (i = 0; i < newDeckPos; i++) {
branch  0 taken 91%
branch  1 taken 9% (fallthrough)
       80:  226:        state->deck[player][i] = newDeck[i];
       80:  227:        state->deckCount[player]++;
        -:  228:    }
        -:  229:
        8:  230:    return 0;
        -:  231:}
        -:  232:
function playCard called 0 returned 0% blocks executed 0%
    #####:  233:int playCard(int handPos, int choice1, int choice2, int choice3, struct gameState *state)
        -:  234:{
        -:  235:    int card;
    #####:  236:    int coin_bonus = 0; 		//tracks coins gain from actions
        -:  237:
        -:  238:    //check if it is the right phase
    #####:  239:    if (state->phase != 0)
branch  0 never executed
branch  1 never executed
        -:  240:    {
    #####:  241:        return -1;
        -:  242:    }
        -:  243:
        -:  244:    //check if player has enough actions
    #####:  245:    if ( state->numActions < 1 )
branch  0 never executed
branch  1 never executed
        -:  246:    {
    #####:  247:        return -1;
        -:  248:    }
        -:  249:
        -:  250:    //get card played
    #####:  251:    card = handCard(handPos, state);
call    0 never executed
        -:  252:
        -:  253:    //check if selected card is an action
    #####:  254:    if ( card < adventurer || card > treasure_map )
branch  0 never executed
branch  1 never executed
branch  2 never executed
branch  3 never executed
        -:  255:    {
    #####:  256:        return -1;
        -:  257:    }
        -:  258:
        -:  259:    //play card
    #####:  260:    if ( cardEffect(card, choice1, choice2, choice3, state, handPos, &coin_bonus) < 0 )
call    0 never executed
branch  1 never executed
branch  2 never executed
        -:  261:    {
    #####:  262:        return -1;
        -:  263:    }
        -:  264:
        -:  265:    //reduce number of actions
    #####:  266:    state->numActions--;
        -:  267:
        -:  268:    //update coins (Treasure cards may be added with card draws)
    #####:  269:    updateCoins(state->whoseTurn, state, coin_bonus);
call    0 never executed
        -:  270:
    #####:  271:    return 0;
        -:  272:}
        -:  273:
function buyCard called 0 returned 0% blocks executed 0%
    #####:  274:int buyCard(int supplyPos, struct gameState *state) {
        -:  275:    int who;
        -:  276:    if (DEBUG) {
        -:  277:        printf("Entering buyCard...\n");
        -:  278:    }
        -:  279:
        -:  280:    // I don't know what to do about the phase thing.
        -:  281:
    #####:  282:    who = state->whoseTurn;
        -:  283:
    #####:  284:    if (state->numBuys < 1) {
branch  0 never executed
branch  1 never executed
        -:  285:        if (DEBUG)
        -:  286:            printf("You do not have any buys left\n");
    #####:  287:        return -1;
    #####:  288:    } else if (supplyCount(supplyPos, state) <1) {
call    0 never executed
branch  1 never executed
branch  2 never executed
        -:  289:        if (DEBUG)
        -:  290:            printf("There are not any of that type of card left\n");
    #####:  291:        return -1;
    #####:  292:    } else if (state->coins < getCost(supplyPos)) {
call    0 never executed
branch  1 never executed
branch  2 never executed
        -:  293:        if (DEBUG)
        -:  294:            printf("You do not have enough money to buy that. You have %d coins.\n", state->coins);
    #####:  295:        return -1;
        -:  296:    } else {
    #####:  297:        state->phase=1;
        -:  298:        //state->supplyCount[supplyPos]--;
    #####:  299:        gainCard(supplyPos, state, 0, who); //card goes in discard, this might be wrong.. (2 means goes into hand, 0 goes into discard)
call    0 never executed
        -:  300:
    #####:  301:        state->coins = (state->coins) - (getCost(supplyPos));
call    0 never executed
    #####:  302:        state->numBuys--;
        -:  303:        if (DEBUG)
        -:  304:            printf("You bought card number %d for %d coins. You now have %d buys and %d coins.\n", supplyPos, getCost(supplyPos), state->numBuys, state->coins);
        -:  305:    }
        -:  306:
        -:  307:    //state->discard[who][state->discardCount[who]] = supplyPos;
        -:  308:    //state->discardCount[who]++;
        -:  309:
    #####:  310:    return 0;
        -:  311:}
        -:  312:
function numHandCards called 0 returned 0% blocks executed 0%
    #####:  313:int numHandCards(struct gameState *state) {
    #####:  314:    return state->handCount[ whoseTurn(state) ];
call    0 never executed
        -:  315:}
        -:  316:
function handCard called 0 returned 0% blocks executed 0%
    #####:  317:int handCard(int handPos, struct gameState *state) {
    #####:  318:    int currentPlayer = whoseTurn(state);
call    0 never executed
    #####:  319:    return state->hand[currentPlayer][handPos];
        -:  320:}
        -:  321:
function supplyCount called 2 returned 100% blocks executed 100%
        2:  322:int supplyCount(int card, struct gameState *state) {
        2:  323:    return state->supplyCount[card];
        -:  324:}
        -:  325:
function fullDeckCount called 0 returned 0% blocks executed 0%
    #####:  326:int fullDeckCount(int player, int card, struct gameState *state) {
        -:  327:    int i;
    #####:  328:    int count = 0;
        -:  329:
    #####:  330:    for (i = 0; i < state->deckCount[player]; i++)
branch  0 never executed
branch  1 never executed
        -:  331:    {
    #####:  332:        if (state->deck[player][i] == card) count++;
branch  0 never executed
branch  1 never executed
        -:  333:    }
        -:  334:
    #####:  335:    for (i = 0; i < state->handCount[player]; i++)
branch  0 never executed
branch  1 never executed
        -:  336:    {
    #####:  337:        if (state->hand[player][i] == card) count++;
branch  0 never executed
branch  1 never executed
        -:  338:    }
        -:  339:
    #####:  340:    for (i = 0; i < state->discardCount[player]; i++)
branch  0 never executed
branch  1 never executed
        -:  341:    {
    #####:  342:        if (state->discard[player][i] == card) count++;
branch  0 never executed
branch  1 never executed
        -:  343:    }
        -:  344:
    #####:  345:    return count;
        -:  346:}
        -:  347:
function whoseTurn called 4 returned 100% blocks executed 100%
        4:  348:int whoseTurn(struct gameState *state) {
        4:  349:    return state->whoseTurn;
        -:  350:}
        -:  351:
function endTurn called 0 returned 0% blocks executed 0%
    #####:  352:int endTurn(struct gameState *state) {
        -:  353:    int k;
        -:  354:    int i;
    #####:  355:    int currentPlayer = whoseTurn(state);
call    0 never executed
        -:  356:
        -:  357:    //Discard hand
    #####:  358:    for (i = 0; i < state->handCount[currentPlayer]; i++) {
branch  0 never executed
branch  1 never executed
    #####:  359:        state->discard[currentPlayer][state->discardCount[currentPlayer]++] = state->hand[currentPlayer][i];//Discard
    #####:  360:        state->hand[currentPlayer][i] = -1;//Set card to -1
        -:  361:    }
    #####:  362:    state->handCount[currentPlayer] = 0;//Reset hand count
        -:  363:
        -:  364:    //Code for determining the player
    #####:  365:    if (currentPlayer < (state->numPlayers - 1)) {
branch  0 never executed
branch  1 never executed
    #####:  366:        state->whoseTurn = currentPlayer + 1;//Still safe to increment
        -:  367:    }
        -:  368:    else {
    #####:  369:        state->whoseTurn = 0;//Max player has been reached, loop back around to player 1
        -:  370:    }
        -:  371:
    #####:  372:    state->outpostPlayed = 0;
    #####:  373:    state->phase = 0;
    #####:  374:    state->numActions = 1;
    #####:  375:    state->coins = 0;
    #####:  376:    state->numBuys = 1;
    #####:  377:    state->playedCardCount = 0;
    #####:  378:    state->handCount[state->whoseTurn] = 0;
        -:  379:
        -:  380:    //int k; move to top
        -:  381:    //Next player draws hand
    #####:  382:    for (k = 0; k < 5; k++) {
branch  0 never executed
branch  1 never executed
    #####:  383:        drawCard(state->whoseTurn, state);//Draw a card
call    0 never executed
        -:  384:    }
        -:  385:
        -:  386:    //Update money
    #####:  387:    updateCoins(state->whoseTurn, state, 0);
call    0 never executed
        -:  388:
    #####:  389:    return 0;
        -:  390:}
        -:  391:
function isGameOver called 0 returned 0% blocks executed 0%
    #####:  392:int isGameOver(struct gameState *state) {
        -:  393:    int i;
        -:  394:    int j;
        -:  395:
        -:  396:    //if stack of Province cards is empty, the game ends
    #####:  397:    if (state->supplyCount[province] == 0)
branch  0 never executed
branch  1 never executed
        -:  398:    {
    #####:  399:        return 1;
        -:  400:    }
        -:  401:
        -:  402:    //if three supply pile are at 0, the game ends
    #####:  403:    j = 0;
    #####:  404:    for (i = 0; i < 25; i++)
branch  0 never executed
branch  1 never executed
        -:  405:    {
    #####:  406:        if (state->supplyCount[i] == 0)
branch  0 never executed
branch  1 never executed
        -:  407:        {
    #####:  408:            j++;
        -:  409:        }
        -:  410:    }
    #####:  411:    if ( j >= 3)
branch  0 never executed
branch  1 never executed
        -:  412:    {
    #####:  413:        return 1;
        -:  414:    }
        -:  415:
    #####:  416:    return 0;
        -:  417:}
        -:  418:
function scoreFor called 0 returned 0% blocks executed 0%
    #####:  419:int scoreFor (int player, struct gameState *state) {
        -:  420:
        -:  421:    int i;
    #####:  422:    int score = 0;
        -:  423:    //score from hand
    #####:  424:    for (i = 0; i < state->handCount[player]; i++)
branch  0 never executed
branch  1 never executed
        -:  425:    {
    #####:  426:        if (state->hand[player][i] == curse) {
branch  0 never executed
branch  1 never executed
    #####:  427:            score = score - 1;
        -:  428:        };
    #####:  429:        if (state->hand[player][i] == estate) {
branch  0 never executed
branch  1 never executed
    #####:  430:            score = score + 1;
        -:  431:        };
    #####:  432:        if (state->hand[player][i] == duchy) {
branch  0 never executed
branch  1 never executed
    #####:  433:            score = score + 3;
        -:  434:        };
    #####:  435:        if (state->hand[player][i] == province) {
branch  0 never executed
branch  1 never executed
    #####:  436:            score = score + 6;
        -:  437:        };
    #####:  438:        if (state->hand[player][i] == great_hall) {
branch  0 never executed
branch  1 never executed
    #####:  439:            score = score + 1;
        -:  440:        };
    #####:  441:        if (state->hand[player][i] == gardens) {
branch  0 never executed
branch  1 never executed
    #####:  442:            score = score + ( fullDeckCount(player, 0, state) / 10 );
call    0 never executed
        -:  443:        };
        -:  444:    }
        -:  445:
        -:  446:    //score from discard
    #####:  447:    for (i = 0; i < state->discardCount[player]; i++)
branch  0 never executed
branch  1 never executed
        -:  448:    {
    #####:  449:        if (state->discard[player][i] == curse) {
branch  0 never executed
branch  1 never executed
    #####:  450:            score = score - 1;
        -:  451:        };
    #####:  452:        if (state->discard[player][i] == estate) {
branch  0 never executed
branch  1 never executed
    #####:  453:            score = score + 1;
        -:  454:        };
    #####:  455:        if (state->discard[player][i] == duchy) {
branch  0 never executed
branch  1 never executed
    #####:  456:            score = score + 3;
        -:  457:        };
    #####:  458:        if (state->discard[player][i] == province) {
branch  0 never executed
branch  1 never executed
    #####:  459:            score = score + 6;
        -:  460:        };
    #####:  461:        if (state->discard[player][i] == great_hall) {
branch  0 never executed
branch  1 never executed
    #####:  462:            score = score + 1;
        -:  463:        };
    #####:  464:        if (state->discard[player][i] == gardens) {
branch  0 never executed
branch  1 never executed
    #####:  465:            score = score + ( fullDeckCount(player, 0, state) / 10 );
call    0 never executed
        -:  466:        };
        -:  467:    }
        -:  468:
        -:  469:    //score from deck
    #####:  470:    for (i = 0; i < state->discardCount[player]; i++)
branch  0 never executed
branch  1 never executed
        -:  471:    {
    #####:  472:        if (state->deck[player][i] == curse) {
branch  0 never executed
branch  1 never executed
    #####:  473:            score = score - 1;
        -:  474:        };
    #####:  475:        if (state->deck[player][i] == estate) {
branch  0 never executed
branch  1 never executed
    #####:  476:            score = score + 1;
        -:  477:        };
    #####:  478:        if (state->deck[player][i] == duchy) {
branch  0 never executed
branch  1 never executed
    #####:  479:            score = score + 3;
        -:  480:        };
    #####:  481:        if (state->deck[player][i] == province) {
branch  0 never executed
branch  1 never executed
    #####:  482:            score = score + 6;
        -:  483:        };
    #####:  484:        if (state->deck[player][i] == great_hall) {
branch  0 never executed
branch  1 never executed
    #####:  485:            score = score + 1;
        -:  486:        };
    #####:  487:        if (state->deck[player][i] == gardens) {
branch  0 never executed
branch  1 never executed
    #####:  488:            score = score + ( fullDeckCount(player, 0, state) / 10 );
call    0 never executed
        -:  489:        };
        -:  490:    }
        -:  491:
    #####:  492:    return score;
        -:  493:}
        -:  494:
function getWinners called 0 returned 0% blocks executed 0%
    #####:  495:int getWinners(int players[MAX_PLAYERS], struct gameState *state) {
        -:  496:    int i;
        -:  497:    int j;
        -:  498:    int highScore;
        -:  499:    int currentPlayer;
        -:  500:
        -:  501:    //get score for each player
    #####:  502:    for (i = 0; i < MAX_PLAYERS; i++)
branch  0 never executed
branch  1 never executed
        -:  503:    {
        -:  504:        //set unused player scores to -9999
    #####:  505:        if (i >= state->numPlayers)
branch  0 never executed
branch  1 never executed
        -:  506:        {
    #####:  507:            players[i] = -9999;
        -:  508:        }
        -:  509:        else
        -:  510:        {
    #####:  511:            players[i] = scoreFor (i, state);
call    0 never executed
        -:  512:        }
        -:  513:    }
        -:  514:
        -:  515:    //find highest score
    #####:  516:    j = 0;
    #####:  517:    for (i = 0; i < MAX_PLAYERS; i++)
branch  0 never executed
branch  1 never executed
        -:  518:    {
    #####:  519:        if (players[i] > players[j])
branch  0 never executed
branch  1 never executed
        -:  520:        {
    #####:  521:            j = i;
        -:  522:        }
        -:  523:    }
    #####:  524:    highScore = players[j];
        -:  525:
        -:  526:    //add 1 to players who had less turns
    #####:  527:    currentPlayer = whoseTurn(state);
call    0 never executed
    #####:  528:    for (i = 0; i < MAX_PLAYERS; i++)
branch  0 never executed
branch  1 never executed
        -:  529:    {
    #####:  530:        if ( players[i] == highScore && i > currentPlayer )
branch  0 never executed
branch  1 never executed
branch  2 never executed
branch  3 never executed
        -:  531:        {
    #####:  532:            players[i]++;
        -:  533:        }
        -:  534:    }
        -:  535:
        -:  536:    //find new highest score
    #####:  537:    j = 0;
    #####:  538:    for (i = 0; i < MAX_PLAYERS; i++)
branch  0 never executed
branch  1 never executed
        -:  539:    {
    #####:  540:        if ( players[i] > players[j] )
branch  0 never executed
branch  1 never executed
        -:  541:        {
    #####:  542:            j = i;
        -:  543:        }
        -:  544:    }
    #####:  545:    highScore = players[j];
        -:  546:
        -:  547:    //set winners in array to 1 and rest to 0
    #####:  548:    for (i = 0; i < MAX_PLAYERS; i++)
branch  0 never executed
branch  1 never executed
        -:  549:    {
    #####:  550:        if ( players[i] == highScore )
branch  0 never executed
branch  1 never executed
        -:  551:        {
    #####:  552:            players[i] = 1;
        -:  553:        }
        -:  554:        else
        -:  555:        {
    #####:  556:            players[i] = 0;
        -:  557:        }
        -:  558:    }
        -:  559:
    #####:  560:    return 0;
        -:  561:}
        -:  562:
function drawCard called 0 returned 0% blocks executed 0%
    #####:  563:int drawCard(int player, struct gameState *state)
        -:  564:{   int count;
        -:  565:    int deckCounter;
    #####:  566:    if (state->deckCount[player] <= 0) { //Deck is empty
branch  0 never executed
branch  1 never executed
        -:  567:
        -:  568:        //Step 1 Shuffle the discard pile back into a deck
        -:  569:        int i;
        -:  570:        //Move discard to deck
    #####:  571:        for (i = 0; i < state->discardCount[player]; i++) {
branch  0 never executed
branch  1 never executed
    #####:  572:            state->deck[player][i] = state->discard[player][i];
    #####:  573:            state->discard[player][i] = -1;
        -:  574:        }
        -:  575:
    #####:  576:        state->deckCount[player] = state->discardCount[player];
    #####:  577:        state->discardCount[player] = 0;//Reset discard
        -:  578:
        -:  579:        //Shufffle the deck
    #####:  580:        shuffle(player, state);//Shuffle the deck up and make it so that we can draw
call    0 never executed
        -:  581:
        -:  582:        if (DEBUG) { //Debug statements
        -:  583:            printf("Deck count now: %d\n", state->deckCount[player]);
        -:  584:        }
        -:  585:
    #####:  586:        state->discardCount[player] = 0;
        -:  587:
        -:  588:        //Step 2 Draw Card
    #####:  589:        count = state->handCount[player];//Get current player's hand count
        -:  590:
        -:  591:        if (DEBUG) { //Debug statements
        -:  592:            printf("Current hand count: %d\n", count);
        -:  593:        }
        -:  594:
    #####:  595:        deckCounter = state->deckCount[player];//Create a holder for the deck count
        -:  596:
    #####:  597:        if (deckCounter == 0)
branch  0 never executed
branch  1 never executed
    #####:  598:            return -1;
        -:  599:
    #####:  600:        state->hand[player][count] = state->deck[player][deckCounter - 1];//Add card to hand
    #####:  601:        state->deckCount[player]--;
    #####:  602:        state->handCount[player]++;//Increment hand count
        -:  603:    }
        -:  604:
        -:  605:    else {
    #####:  606:        int count = state->handCount[player];//Get current hand count for player
        -:  607:        int deckCounter;
        -:  608:        if (DEBUG) { //Debug statements
        -:  609:            printf("Current hand count: %d\n", count);
        -:  610:        }
        -:  611:
    #####:  612:        deckCounter = state->deckCount[player];//Create holder for the deck count
    #####:  613:        state->hand[player][count] = state->deck[player][deckCounter - 1];//Add card to the hand
    #####:  614:        state->deckCount[player]--;
    #####:  615:        state->handCount[player]++;//Increment hand count
        -:  616:    }
        -:  617:
    #####:  618:    return 0;
        -:  619:}
        -:  620:
function getCost called 0 returned 0% blocks executed 0%
    #####:  621:int getCost(int cardNumber)
        -:  622:{
    #####:  623:    switch( cardNumber )
branch  0 never executed
branch  1 never executed
branch  2 never executed
branch  3 never executed
branch  4 never executed
branch  5 never executed
branch  6 never executed
branch  7 never executed
branch  8 never executed
branch  9 never executed
branch 10 never executed
branch 11 never executed
branch 12 never executed
branch 13 never executed
branch 14 never executed
branch 15 never executed
branch 16 never executed
branch 17 never executed
branch 18 never executed
branch 19 never executed
branch 20 never executed
branch 21 never executed
branch 22 never executed
branch 23 never executed
branch 24 never executed
branch 25 never executed
branch 26 never executed
branch 27 never executed
        -:  624:    {
    #####:  625:    case curse:
    #####:  626:        return 0;
    #####:  627:    case estate:
    #####:  628:        return 2;
    #####:  629:    case duchy:
    #####:  630:        return 5;
    #####:  631:    case province:
    #####:  632:        return 8;
    #####:  633:    case copper:
    #####:  634:        return 0;
    #####:  635:    case silver:
    #####:  636:        return 3;
    #####:  637:    case gold:
    #####:  638:        return 6;
    #####:  639:    case adventurer:
    #####:  640:        return 6;
    #####:  641:    case council_room:
    #####:  642:        return 5;
    #####:  643:    case feast:
    #####:  644:        return 4;
    #####:  645:    case gardens:
    #####:  646:        return 4;
    #####:  647:    case mine:
    #####:  648:        return 5;
    #####:  649:    case remodel:
    #####:  650:        return 4;
    #####:  651:    case smithy:
    #####:  652:        return 4;
    #####:  653:    case village:
    #####:  654:        return 3;
    #####:  655:    case baron:
    #####:  656:        return 4;
    #####:  657:    case great_hall:
    #####:  658:        return 3;
    #####:  659:    case minion:
    #####:  660:        return 5;
    #####:  661:    case steward:
    #####:  662:        return 3;
    #####:  663:    case tribute:
    #####:  664:        return 5;
    #####:  665:    case ambassador:
    #####:  666:        return 3;
    #####:  667:    case cutpurse:
    #####:  668:        return 4;
    #####:  669:    case embargo:
    #####:  670:        return 2;
    #####:  671:    case outpost:
    #####:  672:        return 5;
    #####:  673:    case salvager:
    #####:  674:        return 4;
    #####:  675:    case sea_hag:
    #####:  676:        return 4;
    #####:  677:    case treasure_map:
    #####:  678:        return 4;
        -:  679:    }
        -:  680:
    #####:  681:    return -1;
        -:  682:}
        -:  683:
function BaronAction called 0 returned 0% blocks executed 0%
    #####:  684:int BaronAction(int discard, struct gameState *state, int handPos, int currentPlayer){
    #####:  685:    state->numBuys++;//Increase buys by 1!
    #####:  686:    int cardNotDiscarded = 1;
    #####:  687:    if (discard > 0) { //Boolean true or going to discard an estate
branch  0 never executed
branch  1 never executed
    #####:  688:        int p = 0;//Iterator for hand!
        -:  689:
    #####:  690:        while(cardNotDiscarded) {
branch  0 never executed
branch  1 never executed
    #####:  691:            if (state->hand[currentPlayer][p] == estate) { //Found an estate card!
branch  0 never executed
branch  1 never executed
    #####:  692:                state->coins += 4;//Add 4 coins to the amount of coins
    #####:  693:                discardCard(p, currentPlayer, state, 0);
call    0 never executed
    #####:  694:                cardNotDiscarded = 0;//Exit the loop
        -:  695:            }
    #####:  696:            else if (p > state->handCount[currentPlayer]) {
branch  0 never executed
branch  1 never executed
        -:  697:                if(DEBUG) {
        -:  698:                    printf("No estate cards in your hand, invalid choice\n");
        -:  699:                    printf("Must gain an estate if there are any\n");
        -:  700:                }
        -:  701:                //break;
    #####:  702:                cardNotDiscarded = 0;
        -:  703:            }
        -:  704:            else {
    #####:  705:                p++;//Next card
        -:  706:            }
        -:  707:        }
        -:  708:    }
        -:  709:
    #####:  710:    if (discard==0 || cardNotDiscarded==1 ){
branch  0 never executed
branch  1 never executed
branch  2 never executed
branch  3 never executed
    #####:  711:        if (supplyCount(estate, state) > 0) {
call    0 never executed
branch  1 never executed
branch  2 never executed
    #####:  712:            gainCard(estate, state, 0, currentPlayer);//Gain an estate
call    0 never executed
        -:  713:
    #####:  714:            state->supplyCount[estate]--;//Decrement Estates
    #####:  715:            if (supplyCount(estate, state) == 0) {
call    0 never executed
branch  1 never executed
branch  2 never executed
    #####:  716:                isGameOver(state);
call    0 never executed
        -:  717:            }
        -:  718:        }
        -:  719:    }
        -:  720:
        -:  721:    //discardCard(handPos, currentPlayer, state, 0);
        -:  722:
    #####:  723:    return 0;
        -:  724:}
        -:  725:
function MinionAction called 0 returned 0% blocks executed 0%
    #####:  726:int MinionAction(int coinChoice, struct gameState *state, int handPos){
    #####:  727:    int currentPlayer = whoseTurn(state);
call    0 never executed
        -:  728:    int i;
        -:  729:    int j;
        -:  730:    //+1 action
        -:  731:    //state->numActions++;
        -:  732:
        -:  733:    //discard card from hand
    #####:  734:    discardCard(handPos, currentPlayer, state, 0);
call    0 never executed
        -:  735:
    #####:  736:    if (coinChoice)
branch  0 never executed
branch  1 never executed
    #####:  737:        state->coins +=2;
        -:  738:
        -:  739:    else{		//discard hand, redraw 4, other players with 5+ cards discard hand and draw 4
        -:  740:        //current player and other players (if other players hand size > 4) discard hand and redraw
    #####:  741:        for (i = 0; i < state->numPlayers; i++){
branch  0 never executed
branch  1 never executed
    #####:  742:            if ( state->handCount[i] > 4 || i == currentPlayer){
branch  0 never executed
branch  1 never executed
branch  2 never executed
branch  3 never executed
        -:  743:                //discard hand
    #####:  744:                while( state->handCount[i] > 0 )
branch  0 never executed
branch  1 never executed
    #####:  745:                    discardCard(0, i, state, 0);
call    0 never executed
        -:  746:                //draw 4
    #####:  747:                for (j = 0; j <= 4; j++)
branch  0 never executed
branch  1 never executed
    #####:  748:                    drawCard(i, state);
call    0 never executed
        -:  749:            }
        -:  750:
        -:  751:        }
        -:  752:
        -:  753:    }
        -:  754:
    #####:  755:    return 0;
        -:  756:}
        -:  757:
        -:  758:
function AmbassadorAction called 0 returned 0% blocks executed 0%
    #####:  759:int AmbassadorAction(int choice1, int choice2, struct gameState *state, int handPos){
    #####:  760:    int discardCnt = 0;		//used to check if player has enough cards to discard
    #####:  761:    int currentPlayer = whoseTurn(state);
call    0 never executed
        -:  762:    int i;
        -:  763:
        -:  764:    /*if (choice2 > 2 || choice2 < 0)
        -:  765:        return -1;
        -:  766:    */
    #####:  767:    if (choice1 == handPos)
branch  0 never executed
branch  1 never executed
    #####:  768:        return -1;
        -:  769:
        -:  770:    //get the type of card user has chosen to reveal and store in variable (cardToReveal)
    #####:  771:    int cardToReveal=handCard(choice1, state);
call    0 never executed
        -:  772:
    #####:  773:    for (i = 0; i < state->handCount[currentPlayer]; i++){
branch  0 never executed
branch  1 never executed
    #####:  774:        if (i!= handPos && cardToReveal == handCard(i, state))
branch  0 never executed
branch  1 never executed
call    2 never executed
branch  3 never executed
branch  4 never executed
    #####:  775:            discardCnt++;
        -:  776:    }
        -:  777:
    #####:  778:    if (discardCnt < choice2)
branch  0 never executed
branch  1 never executed
    #####:  779:        return -1;
        -:  780:
        -:  781:    if (DEBUG)
        -:  782:        printf("Player %d reveals card number: %d\n", currentPlayer, state->hand[currentPlayer][choice1]);
        -:  783:
        -:  784:    //increase supply count for choosen card by amount being discarded
        -:  785:    //state->supplyCount[cardToReveal] += choice2;
        -:  786:
        -:  787:    //each other player gains a copy of revealed card
    #####:  788:    for (i = 0; i < state->numPlayers; i++){
branch  0 never executed
branch  1 never executed
    #####:  789:        if (i != currentPlayer)
branch  0 never executed
branch  1 never executed
    #####:  790:            gainCard(cardToReveal, state, 0, i);
call    0 never executed
        -:  791:    }
        -:  792:
        -:  793:    //discard played card from hand
    #####:  794:    discardCard(handPos, currentPlayer, state, 0);
call    0 never executed
        -:  795:
        -:  796:    //trash copies of cards returned to supply
    #####:  797:    for (discardCnt = 0; discardCnt < choice2; discardCnt++){
branch  0 never executed
branch  1 never executed
    #####:  798:        for (i = 0; i < state->handCount[currentPlayer]; i++){
branch  0 never executed
branch  1 never executed
    #####:  799:            if (cardToReveal == handCard(i, state)){
call    0 never executed
branch  1 never executed
branch  2 never executed
    #####:  800:                discardCard(i, currentPlayer, state, 1);
call    0 never executed
    #####:  801:                break;
        -:  802:            }
        -:  803:        }
        -:  804:    }
        -:  805:
    #####:  806:    return 0;
        -:  807:}
        -:  808:
function TributeAction called 0 returned 0% blocks executed 0%
    #####:  809:int TributeAction(struct gameState *state, int handPos){
    #####:  810:    int currentPlayer = whoseTurn(state);
call    0 never executed
    #####:  811:    int nextPlayer = currentPlayer + 1;
    #####:  812:    if (nextPlayer > (state->numPlayers - 1)) {
branch  0 never executed
branch  1 never executed
    #####:  813:        nextPlayer = 0;
        -:  814:    }
        -:  815:
    #####:  816:    int tributeRevealedCards[2] = {-1, -1};
        -:  817:
    #####:  818:    int nxtPlyDeckCnt = state->deckCount[nextPlayer];
    #####:  819:    int nxtPlyDiscCnt = state->discardCount[nextPlayer];
    #####:  820:    int nxtPlyHandCnt = state->handCount[nextPlayer];
        -:  821:    int i;
    #####:  822:    int tributeCnt = 0;
        -:  823:
    #####:  824:    if (nxtPlyDeckCnt+nxtPlyDiscCnt<1){
branch  0 never executed
branch  1 never executed
        -:  825:        if (DEBUG) {
        -:  826:            printf("No cards to reveal\n");
        -:  827:        }
    #####:  828:        return 0;
        -:  829:    }
        -:  830:
    #####:  831:    i=0;
    #####:  832:    while ((nxtPlyDeckCnt+nxtPlyDiscCnt>=1)&&(i<2)){
branch  0 never executed
branch  1 never executed
branch  2 never executed
branch  3 never executed
    #####:  833:        drawCard(nextPlayer, state);
call    0 never executed
    #####:  834:        tributeRevealedCards[i]=state->hand[nextPlayer][nxtPlyHandCnt];
    #####:  835:        tributeCnt++;
    #####:  836:        nxtPlyHandCnt++;
    #####:  837:        nxtPlyDeckCnt = state->deckCount[nextPlayer];     //update deck count
    #####:  838:        nxtPlyDiscCnt = state->discardCount[nextPlayer];  //update discard count
    #####:  839:        i++;
        -:  840:    }
        -:  841:
        -:  842:
    #####:  843:    for (i=0; i<tributeCnt; i++){
branch  0 never executed
branch  1 never executed
    #####:  844:        discardCard(nxtPlyHandCnt-1, nextPlayer, state, 0);
call    0 never executed
    #####:  845:        nxtPlyHandCnt--;
        -:  846:    }
        -:  847:
        -:  848:  /*  if (tributeRevealedCards[0] == tributeRevealedCards[1])  //If we have a duplicate card, just drop one
        -:  849:        tributeCnt--;
        -:  850:  */
    #####:  851:    for (i = 0; i < tributeCnt; i ++) {
branch  0 never executed
branch  1 never executed
    #####:  852:        if (tributeRevealedCards[i] == copper || tributeRevealedCards[i] == silver || tributeRevealedCards[i] == gold){//Treasure cards
branch  0 never executed
branch  1 never executed
branch  2 never executed
branch  3 never executed
branch  4 never executed
branch  5 never executed
    #####:  853:            state->coins += 2;
        -:  854:        }
        -:  855:
    #####:  856:        else if (tributeRevealedCards[i] == estate || tributeRevealedCards[i] == duchy || tributeRevealedCards[i] == province || tributeRevealedCards[i] == gardens /*|| tributeRevealedCards[i] == great_hall*/) { //Victory Card Found
branch  0 never executed
branch  1 never executed
branch  2 never executed
branch  3 never executed
branch  4 never executed
branch  5 never executed
branch  6 never executed
branch  7 never executed
    #####:  857:            drawCard(currentPlayer, state);
call    0 never executed
    #####:  858:            drawCard(currentPlayer, state);
call    0 never executed
        -:  859:        }
        -:  860:        else { //Action Card
    #####:  861:            state->numActions = state->numActions + 2;
        -:  862:        }
        -:  863:    }
        -:  864:
        -:  865:    //discard card from hand
    #####:  866:    discardCard(handPos, currentPlayer, state, 0);
call    0 never executed
        -:  867:
    #####:  868:    return 0;
        -:  869:
        -:  870:}
        -:  871:
function MineAction called 4 returned 100% blocks executed 100%
        4:  872:int MineAction(int choice1, int choice2, struct gameState *state, int handPos){
        4:  873:    int currentPlayer = whoseTurn(state);
call    0 returned 100%
        4:  874:    int trashCard = state->hand[currentPlayer][choice1];  //store card we will trash
        -:  875:
        4:  876:    if (trashCard > gold || trashCard  < copper)
branch  0 taken 75% (fallthrough)
branch  1 taken 25%
branch  2 taken 0% (fallthrough)
branch  3 taken 100%
        -:  877:    {
        1:  878:        return -1;
        -:  879:    }
        -:  880:
        3:  881:    if (choice2 > gold || choice2  < copper)
branch  0 taken 67% (fallthrough)
branch  1 taken 33%
branch  2 taken 0% (fallthrough)
branch  3 taken 100%
        -:  882:    {
        1:  883:        return -1;
        -:  884:    }
        -:  885:
        -:  886:    /*(if ( (getCost(trashCard) + 3) > getCost(choice2) )
        -:  887:    {
        -:  888:        return -1;
        -:  889:    }*/
        -:  890:
        -:  891:
        2:  892:    gainCard(choice2, state, 2, currentPlayer);
call    0 returned 100%
        -:  893:
        -:  894:    //discard card from hand
        2:  895:    discardCard(handPos, currentPlayer, state, 1);
call    0 returned 100%
        -:  896:
        -:  897:    //discard trashed card
        2:  898:    discardCard(choice1, currentPlayer, state, 1);
call    0 returned 100%
        -:  899:
        2:  900:    return 0;
        -:  901:
        -:  902:}
        -:  903:
function cardEffect called 0 returned 0% blocks executed 0%
    #####:  904:int cardEffect(int card, int choice1, int choice2, int choice3, struct gameState *state, int handPos, int *bonus)
        -:  905:{
        -:  906:    int i;
        -:  907:    int j;
        -:  908:    int k;
        -:  909:    int x;
        -:  910:    int index;
    #####:  911:    int currentPlayer = whoseTurn(state);
call    0 never executed
    #####:  912:    int nextPlayer = currentPlayer + 1;
        -:  913:
    #####:  914:    int tributeRevealedCards[2] = {-1, -1};
        -:  915:    int temphand[MAX_HAND];// moved above the if statement
    #####:  916:    int drawntreasure=0;
        -:  917:    int cardDrawn;
    #####:  918:    int z = 0;// this is the counter for the temp hand
    #####:  919:    if (nextPlayer > (state->numPlayers - 1)) {
branch  0 never executed
branch  1 never executed
    #####:  920:        nextPlayer = 0;
        -:  921:    }
        -:  922:
        -:  923:
        -:  924:    //uses switch to select card and perform actions
    #####:  925:    switch( card )
branch  0 never executed
branch  1 never executed
branch  2 never executed
branch  3 never executed
branch  4 never executed
branch  5 never executed
branch  6 never executed
branch  7 never executed
branch  8 never executed
branch  9 never executed
branch 10 never executed
branch 11 never executed
branch 12 never executed
branch 13 never executed
branch 14 never executed
branch 15 never executed
branch 16 never executed
branch 17 never executed
branch 18 never executed
branch 19 never executed
branch 20 never executed
        -:  926:    {
    #####:  927:    case adventurer:
    #####:  928:        while(drawntreasure<2) {
branch  0 never executed
branch  1 never executed
    #####:  929:            if (state->deckCount[currentPlayer] <1) { //if the deck is empty we need to shuffle discard and add to deck
branch  0 never executed
branch  1 never executed
    #####:  930:                shuffle(currentPlayer, state);
call    0 never executed
        -:  931:            }
    #####:  932:            drawCard(currentPlayer, state);
call    0 never executed
    #####:  933:            cardDrawn = state->hand[currentPlayer][state->handCount[currentPlayer]-1];//top card of hand is most recently drawn card.
    #####:  934:            if (cardDrawn == copper || cardDrawn == silver || cardDrawn == gold)
branch  0 never executed
branch  1 never executed
branch  2 never executed
branch  3 never executed
branch  4 never executed
branch  5 never executed
    #####:  935:                drawntreasure++;
        -:  936:            else {
    #####:  937:                temphand[z]=cardDrawn;
    #####:  938:                state->handCount[currentPlayer]--; //this should just remove the top card (the most recently drawn one).
    #####:  939:                z++;
        -:  940:            }
        -:  941:        }
    #####:  942:        while(z-1>=0) {
branch  0 never executed
branch  1 never executed
    #####:  943:            state->discard[currentPlayer][state->discardCount[currentPlayer]++]=temphand[z-1]; // discard all cards in play that have been drawn
    #####:  944:            z=z-1;
        -:  945:        }
    #####:  946:        return 0;
        -:  947:
    #####:  948:    case council_room:
        -:  949:        //+4 Cards
    #####:  950:        for (i = 0; i < 4; i++)
branch  0 never executed
branch  1 never executed
        -:  951:        {
    #####:  952:            drawCard(currentPlayer, state);
call    0 never executed
        -:  953:        }
        -:  954:
        -:  955:        //+1 Buy
    #####:  956:        state->numBuys++;
        -:  957:
        -:  958:        //Each other player draws a card
    #####:  959:        for (i = 0; i < state->numPlayers; i++)
branch  0 never executed
branch  1 never executed
        -:  960:        {
    #####:  961:            if ( i != currentPlayer )
branch  0 never executed
branch  1 never executed
        -:  962:            {
    #####:  963:                drawCard(i, state);
call    0 never executed
        -:  964:            }
        -:  965:        }
        -:  966:
        -:  967:        //put played card in played card pile
    #####:  968:        discardCard(handPos, currentPlayer, state, 0);
call    0 never executed
        -:  969:
    #####:  970:        return 0;
        -:  971:
    #####:  972:    case feast:
        -:  973:        //gain card with cost up to 5
        -:  974:        //Backup hand
    #####:  975:        for (i = 0; i <= state->handCount[currentPlayer]; i++) {
branch  0 never executed
branch  1 never executed
    #####:  976:            temphand[i] = state->hand[currentPlayer][i];//Backup card
    #####:  977:            state->hand[currentPlayer][i] = -1;//Set to nothing
        -:  978:        }
        -:  979:        //Backup hand
        -:  980:
        -:  981:        //Update Coins for Buy
    #####:  982:        updateCoins(currentPlayer, state, 5);
call    0 never executed
    #####:  983:        x = 1;//Condition to loop on
    #####:  984:        while( x == 1) {//Buy one card
branch  0 never executed
branch  1 never executed
    #####:  985:            if (supplyCount(choice1, state) <= 0) {
call    0 never executed
branch  1 never executed
branch  2 never executed
        -:  986:                if (DEBUG)
        -:  987:                    printf("None of that card left, sorry!\n");
        -:  988:
        -:  989:                if (DEBUG) {
        -:  990:                    printf("Cards Left: %d\n", supplyCount(choice1, state));
        -:  991:                }
        -:  992:            }
    #####:  993:            else if (state->coins < getCost(choice1)) {
call    0 never executed
branch  1 never executed
branch  2 never executed
    #####:  994:                printf("That card is too expensive!\n");
call    0 never executed
        -:  995:
        -:  996:                if (DEBUG) {
        -:  997:                    printf("Coins: %d < %d\n", state->coins, getCost(choice1));
        -:  998:                }
        -:  999:            }
        -: 1000:            else {
        -: 1001:
        -: 1002:                if (DEBUG) {
        -: 1003:                    printf("Deck Count: %d\n", state->handCount[currentPlayer] + state->deckCount[currentPlayer] + state->discardCount[currentPlayer]);
        -: 1004:                }
        -: 1005:
    #####: 1006:                gainCard(choice1, state, 0, currentPlayer);//Gain the card
call    0 never executed
    #####: 1007:                x = 0;//No more buying cards
        -: 1008:
        -: 1009:                if (DEBUG) {
        -: 1010:                    printf("Deck Count: %d\n", state->handCount[currentPlayer] + state->deckCount[currentPlayer] + state->discardCount[currentPlayer]);
        -: 1011:                }
        -: 1012:
        -: 1013:            }
        -: 1014:        }
        -: 1015:
        -: 1016:        //Reset Hand
    #####: 1017:        for (i = 0; i <= state->handCount[currentPlayer]; i++) {
branch  0 never executed
branch  1 never executed
    #####: 1018:            state->hand[currentPlayer][i] = temphand[i];
    #####: 1019:            temphand[i] = -1;
        -: 1020:        }
        -: 1021:        //Reset Hand
        -: 1022:
    #####: 1023:        return 0;
        -: 1024:
    #####: 1025:    case gardens:
    #####: 1026:        return -1;
        -: 1027:
    #####: 1028:    case mine:
    #####: 1029:      return MineAction(choice1, choice2, state, handPos);
call    0 never executed
        -: 1030:
        -: 1031:/*        j = state->hand[currentPlayer][choice1];  //store card we will trash
        -: 1032:
        -: 1033:        if (state->hand[currentPlayer][choice1] < copper || state->hand[currentPlayer][choice1] > gold)
        -: 1034:        {
        -: 1035:            return -1;
        -: 1036:        }
        -: 1037:
        -: 1038:        if (choice2 > treasure_map || choice2 < curse)
        -: 1039:        {
        -: 1040:            return -1;
        -: 1041:        }
        -: 1042:
        -: 1043:        if ( (getCost(state->hand[currentPlayer][choice1]) + 3) > getCost(choice2) )
        -: 1044:        {
        -: 1045:            return -1;
        -: 1046:        }
        -: 1047:
        -: 1048:        gainCard(choice2, state, 2, currentPlayer);
        -: 1049:
        -: 1050:        //discard card from hand
        -: 1051:        discardCard(handPos, currentPlayer, state, 0);
        -: 1052:
        -: 1053:        //discard trashed card
        -: 1054:        for (i = 0; i < state->handCount[currentPlayer]; i++)
        -: 1055:        {
        -: 1056:            if (state->hand[currentPlayer][i] == j)
        -: 1057:            {
        -: 1058:                discardCard(i, currentPlayer, state, 0);
        -: 1059:                break;
        -: 1060:            }
        -: 1061:        }
        -: 1062:
        -: 1063:        return 0;
        -: 1064:*/
    #####: 1065:    case remodel:
    #####: 1066:        j = state->hand[currentPlayer][choice1];  //store card we will trash
        -: 1067:
    #####: 1068:        if ( (getCost(state->hand[currentPlayer][choice1]) + 2) > getCost(choice2) )
call    0 never executed
call    1 never executed
branch  2 never executed
branch  3 never executed
        -: 1069:        {
    #####: 1070:            return -1;
        -: 1071:        }
        -: 1072:
    #####: 1073:        gainCard(choice2, state, 0, currentPlayer);
call    0 never executed
        -: 1074:
        -: 1075:        //discard card from hand
    #####: 1076:        discardCard(handPos, currentPlayer, state, 0);
call    0 never executed
        -: 1077:
        -: 1078:        //discard trashed card
    #####: 1079:        for (i = 0; i < state->handCount[currentPlayer]; i++)
branch  0 never executed
branch  1 never executed
        -: 1080:        {
    #####: 1081:            if (state->hand[currentPlayer][i] == j)
branch  0 never executed
branch  1 never executed
        -: 1082:            {
    #####: 1083:                discardCard(i, currentPlayer, state, 0);
call    0 never executed
    #####: 1084:                break;
        -: 1085:            }
        -: 1086:        }
        -: 1087:
        -: 1088:
    #####: 1089:        return 0;
        -: 1090:
    #####: 1091:    case smithy:
        -: 1092:        //+3 Cards
    #####: 1093:        for (i = 0; i < 3; i++)
branch  0 never executed
branch  1 never executed
        -: 1094:        {
    #####: 1095:            drawCard(currentPlayer, state);
call    0 never executed
        -: 1096:        }
        -: 1097:
        -: 1098:        //discard card from hand
    #####: 1099:        discardCard(handPos, currentPlayer, state, 0);
call    0 never executed
    #####: 1100:        return 0;
        -: 1101:
    #####: 1102:    case village:
        -: 1103:        //+1 Card
    #####: 1104:        drawCard(currentPlayer, state);
call    0 never executed
        -: 1105:
        -: 1106:        //+2 Actions
    #####: 1107:        state->numActions = state->numActions + 2;
        -: 1108:
        -: 1109:        //discard played card from hand
    #####: 1110:        discardCard(handPos, currentPlayer, state, 0);
call    0 never executed
    #####: 1111:        return 0;
        -: 1112:
    #####: 1113:    case baron:
    #####: 1114:        return BaronAction(choice1, state, handPos, currentPlayer);
call    0 never executed
        -: 1115:
        -: 1116:/*
        -: 1117:        state->numBuys++;//Increase buys by 1!
        -: 1118:        if (choice1 > 0) { //Boolean true or going to discard an estate
        -: 1119:            int p = 0;//Iterator for hand!
        -: 1120:            int card_not_discarded = 1;//Flag for discard set!
        -: 1121:            while(card_not_discarded) {
        -: 1122:                if (state->hand[currentPlayer][p] == estate) { //Found an estate card!
        -: 1123:                    state->coins += 4;//Add 4 coins to the amount of coins
        -: 1124:                    state->discard[currentPlayer][state->discardCount[currentPlayer]] = state->hand[currentPlayer][p];
        -: 1125:                    state->discardCount[currentPlayer]++;
        -: 1126:                    for (; p < state->handCount[currentPlayer]; p++) {
        -: 1127:                        state->hand[currentPlayer][p] = state->hand[currentPlayer][p+1];
        -: 1128:                    }
        -: 1129:                    state->hand[currentPlayer][state->handCount[currentPlayer]] = -1;
        -: 1130:                    state->handCount[currentPlayer]--;
        -: 1131:                    card_not_discarded = 0;//Exit the loop
        -: 1132:                }
        -: 1133:                else if (p > state->handCount[currentPlayer]) {
        -: 1134:                    if(DEBUG) {
        -: 1135:                        printf("No estate cards in your hand, invalid choice\n");
        -: 1136:                        printf("Must gain an estate if there are any\n");
        -: 1137:                    }
        -: 1138:                    if (supplyCount(estate, state) > 0) {
        -: 1139:                        gainCard(estate, state, 0, currentPlayer);
        -: 1140:
        -: 1141:                        state->supplyCount[estate]--;//Decrement estates
        -: 1142:                        if (supplyCount(estate, state) == 0) {
        -: 1143:                            isGameOver(state);
        -: 1144:                        }
        -: 1145:                    }
        -: 1146:                    card_not_discarded = 0;//Exit the loop
        -: 1147:                }
        -: 1148:
        -: 1149:                else {
        -: 1150:                    p++;//Next card
        -: 1151:                }
        -: 1152:            }
        -: 1153:        }
        -: 1154:
        -: 1155:        else {
        -: 1156:            if (supplyCount(estate, state) > 0) {
        -: 1157:                gainCard(estate, state, 0, currentPlayer);//Gain an estate
        -: 1158:
        -: 1159:                state->supplyCount[estate]--;//Decrement Estates
        -: 1160:                if (supplyCount(estate, state) == 0) {
        -: 1161:                    isGameOver(state);
        -: 1162:                }
        -: 1163:            }
        -: 1164:        }
        -: 1165:
        -: 1166:
        -: 1167:        return 0;
        -: 1168:*/
    #####: 1169:    case great_hall:
        -: 1170:        //+1 Card
    #####: 1171:        drawCard(currentPlayer, state);
call    0 never executed
        -: 1172:
        -: 1173:        //+1 Actions
    #####: 1174:        state->numActions++;
        -: 1175:
        -: 1176:        //discard card from hand
    #####: 1177:        discardCard(handPos, currentPlayer, state, 0);
call    0 never executed
    #####: 1178:        return 0;
        -: 1179:
    #####: 1180:    case minion:
    #####: 1181:        return MinionAction(choice1, state, handPos);
call    0 never executed
        -: 1182:
        -: 1183:/*
        -: 1184:        //+1 action
        -: 1185:        state->numActions++;
        -: 1186:
        -: 1187:        //discard card from hand
        -: 1188:        discardCard(handPos, currentPlayer, state, 0);
        -: 1189:
        -: 1190:		    if (choice1)
        -: 1191:        {
        -: 1192:            state->coins = state->coins + 2;
        -: 1193:        }
        -: 1194:        else if (choice2)		//discard hand, redraw 4, other players with 5+ cards discard hand and draw 4
        -: 1195:        {
        -: 1196:            //discard hand
        -: 1197:            while(numHandCards(state) > 0)
        -: 1198:            {
        -: 1199:                discardCard(handPos, currentPlayer, state, 0);
        -: 1200:            }
        -: 1201:
        -: 1202:            //draw 4
        -: 1203:            for (i = 0; i < 4; i++)
        -: 1204:            {
        -: 1205:                drawCard(currentPlayer, state);
        -: 1206:            }
        -: 1207:
        -: 1208:            //other players discard hand and redraw if hand size > 4
        -: 1209:            for (i = 0; i < state->numPlayers; i++)
        -: 1210:            {
        -: 1211:                if (i != currentPlayer)
        -: 1212:                {
        -: 1213:                    if ( state->handCount[i] > 4 )
        -: 1214:                    {
        -: 1215:                        //discard hand
        -: 1216:                        while( state->handCount[i] > 0 )
        -: 1217:                        {
        -: 1218:                            discardCard(handPos, i, state, 0);
        -: 1219:                        }
        -: 1220:
        -: 1221:                        //draw 4
        -: 1222:                        for (j = 0; j < 4; j++)
        -: 1223:                        {
        -: 1224:                            drawCard(i, state);
        -: 1225:                        }
        -: 1226:                    }
        -: 1227:                }
        -: 1228:            }
        -: 1229:
        -: 1230:        }
        -: 1231:        return 0;
        -: 1232:*/
    #####: 1233:    case steward:
    #####: 1234:        if (choice1 == 1)
branch  0 never executed
branch  1 never executed
        -: 1235:        {
        -: 1236:            //+2 cards
    #####: 1237:            drawCard(currentPlayer, state);
call    0 never executed
    #####: 1238:            drawCard(currentPlayer, state);
call    0 never executed
        -: 1239:        }
    #####: 1240:        else if (choice1 == 2)
branch  0 never executed
branch  1 never executed
        -: 1241:        {
        -: 1242:            //+2 coins
    #####: 1243:            state->coins = state->coins + 2;
        -: 1244:        }
        -: 1245:        else
        -: 1246:        {
        -: 1247:            //trash 2 cards in hand
    #####: 1248:            discardCard(choice2, currentPlayer, state, 1);
call    0 never executed
    #####: 1249:            discardCard(choice3, currentPlayer, state, 1);
call    0 never executed
        -: 1250:        }
        -: 1251:
        -: 1252:        //discard card from hand
    #####: 1253:        discardCard(handPos, currentPlayer, state, 0);
call    0 never executed
    #####: 1254:        return 0;
        -: 1255:
    #####: 1256:    case tribute:
    #####: 1257:        TributeAction(state, handPos);
call    0 never executed
        -: 1258:/*
        -: 1259:        if ((state->discardCount[nextPlayer] + state->deckCount[nextPlayer]) <= 1) {
        -: 1260:            if (state->deckCount[nextPlayer] > 0) {
        -: 1261:                tributeRevealedCards[0] = state->deck[nextPlayer][state->deckCount[nextPlayer]-1];
        -: 1262:                state->deckCount[nextPlayer]--;
        -: 1263:            }
        -: 1264:            else if (state->discardCount[nextPlayer] > 0) {
        -: 1265:                tributeRevealedCards[0] = state->discard[nextPlayer][state->discardCount[nextPlayer]-1];
        -: 1266:                state->discardCount[nextPlayer]--;
        -: 1267:            }
        -: 1268:            else {
        -: 1269:                //No Card to Reveal
        -: 1270:                if (DEBUG) {
        -: 1271:                    printf("No cards to reveal\n");
        -: 1272:                }
        -: 1273:            }
        -: 1274:        }
        -: 1275:
        -: 1276:        else {
        -: 1277:            if (state->deckCount[nextPlayer] == 0) {
        -: 1278:                for (i = 0; i < state->discardCount[nextPlayer]; i++) {
        -: 1279:                    state->deck[nextPlayer][i] = state->discard[nextPlayer][i];//Move to deck
        -: 1280:                    state->deckCount[nextPlayer]++;
        -: 1281:                    state->discard[nextPlayer][i] = -1;
        -: 1282:                    state->discardCount[nextPlayer]--;
        -: 1283:                }
        -: 1284:
        -: 1285:                shuffle(nextPlayer,state);//Shuffle the deck
        -: 1286:            }
        -: 1287:            tributeRevealedCards[0] = state->deck[nextPlayer][state->deckCount[nextPlayer]-1];
        -: 1288:            state->deck[nextPlayer][state->deckCount[nextPlayer]--] = -1;
        -: 1289:            state->deckCount[nextPlayer]--;
        -: 1290:            tributeRevealedCards[1] = state->deck[nextPlayer][state->deckCount[nextPlayer]-1];
        -: 1291:            state->deck[nextPlayer][state->deckCount[nextPlayer]--] = -1;
        -: 1292:            state->deckCount[nextPlayer]--;
        -: 1293:        }
        -: 1294:
        -: 1295:        if (tributeRevealedCards[0] == tributeRevealedCards[1]) { //If we have a duplicate card, just drop one
        -: 1296:            state->playedCards[state->playedCardCount] = tributeRevealedCards[1];
        -: 1297:            state->playedCardCount++;
        -: 1298:            tributeRevealedCards[1] = -1;
        -: 1299:        }
        -: 1300:
        -: 1301:        for (i = 0; i <= 2; i ++) {
        -: 1302:            if (tributeRevealedCards[i] == copper || tributeRevealedCards[i] == silver || tributeRevealedCards[i] == gold) { //Treasure cards
        -: 1303:                state->coins += 2;
        -: 1304:            }
        -: 1305:
        -: 1306:            else if (tributeRevealedCards[i] == estate || tributeRevealedCards[i] == duchy || tributeRevealedCards[i] == province || tributeRevealedCards[i] == gardens || tributeRevealedCards[i] == great_hall) { //Victory Card Found
        -: 1307:                drawCard(currentPlayer, state);
        -: 1308:                drawCard(currentPlayer, state);
        -: 1309:            }
        -: 1310:            else { //Action Card
        -: 1311:                state->numActions = state->numActions + 2;
        -: 1312:            }
        -: 1313:        }
        -: 1314:
        -: 1315:        return 0;
        -: 1316:*/
    #####: 1317:    case ambassador:
    #####: 1318:        return AmbassadorAction(choice1, choice2, state, handPos);
call    0 never executed
        -: 1319:
        -: 1320:    /*
        -: 1321:        j = 0;		//used to check if player has enough cards to discard
        -: 1322:
        -: 1323:        if (choice2 > 2 || choice2 < 0)
        -: 1324:        {
        -: 1325:            return -1;
        -: 1326:        }
        -: 1327:
        -: 1328:        if (choice1 == handPos)
        -: 1329:        {
        -: 1330:            return -1;
        -: 1331:        }
        -: 1332:
        -: 1333:        for (i = 0; i < state->handCount[currentPlayer]; i++)
        -: 1334:        {
        -: 1335:            if (i != handPos && i == state->hand[currentPlayer][choice1] && i != choice1)
        -: 1336:            {
        -: 1337:                j++;
        -: 1338:            }
        -: 1339:        }
        -: 1340:        if (j < choice2)
        -: 1341:        {
        -: 1342:            return -1;
        -: 1343:        }
        -: 1344:
        -: 1345:        if (DEBUG)
        -: 1346:            printf("Player %d reveals card number: %d\n", currentPlayer, state->hand[currentPlayer][choice1]);
        -: 1347:
        -: 1348:        //increase supply count for choosen card by amount being discarded
        -: 1349:        state->supplyCount[state->hand[currentPlayer][choice1]] += choice2;
        -: 1350:
        -: 1351:        //each other player gains a copy of revealed card
        -: 1352:        for (i = 0; i < state->numPlayers; i++)
        -: 1353:        {
        -: 1354:            if (i != currentPlayer)
        -: 1355:            {
        -: 1356:                gainCard(state->hand[currentPlayer][choice1], state, 0, i);
        -: 1357:            }
        -: 1358:        }
        -: 1359:
        -: 1360:        //discard played card from hand
        -: 1361:        discardCard(handPos, currentPlayer, state, 0);
        -: 1362:
        -: 1363:        //trash copies of cards returned to supply
        -: 1364:        for (j = 0; j < choice2; j++)
        -: 1365:        {
        -: 1366:            for (i = 0; i < state->handCount[currentPlayer]; i++)
        -: 1367:            {
        -: 1368:                if (state->hand[currentPlayer][i] == state->hand[currentPlayer][choice1])
        -: 1369:                {
        -: 1370:                    discardCard(i, currentPlayer, state, 1);
        -: 1371:                    break;
        -: 1372:                }
        -: 1373:            }
        -: 1374:        }
        -: 1375:
        -: 1376:        return 0;
        -: 1377:*/
    #####: 1378:    case cutpurse:
        -: 1379:
    #####: 1380:        updateCoins(currentPlayer, state, 2);
call    0 never executed
    #####: 1381:        for (i = 0; i < state->numPlayers; i++)
branch  0 never executed
branch  1 never executed
        -: 1382:        {
    #####: 1383:            if (i != currentPlayer)
branch  0 never executed
branch  1 never executed
        -: 1384:            {
    #####: 1385:                for (j = 0; j < state->handCount[i]; j++)
branch  0 never executed
branch  1 never executed
        -: 1386:                {
    #####: 1387:                    if (state->hand[i][j] == copper)
branch  0 never executed
branch  1 never executed
        -: 1388:                    {
    #####: 1389:                        discardCard(j, i, state, 0);
call    0 never executed
    #####: 1390:                        break;
        -: 1391:                    }
    #####: 1392:                    if (j == state->handCount[i])
branch  0 never executed
branch  1 never executed
        -: 1393:                    {
    #####: 1394:                        for (k = 0; k < state->handCount[i]; k++)
branch  0 never executed
branch  1 never executed
        -: 1395:                        {
        -: 1396:                            if (DEBUG)
        -: 1397:                                printf("Player %d reveals card number %d\n", i, state->hand[i][k]);
        -: 1398:                        }
    #####: 1399:                        break;
        -: 1400:                    }
        -: 1401:                }
        -: 1402:
        -: 1403:            }
        -: 1404:
        -: 1405:        }
        -: 1406:
        -: 1407:        //discard played card from hand
    #####: 1408:        discardCard(handPos, currentPlayer, state, 0);
call    0 never executed
        -: 1409:
    #####: 1410:        return 0;
        -: 1411:
        -: 1412:
    #####: 1413:    case embargo:
        -: 1414:        //+2 Coins
    #####: 1415:        state->coins = state->coins + 2;
        -: 1416:
        -: 1417:        //see if selected pile is in play
    #####: 1418:        if ( state->supplyCount[choice1] == -1 )
branch  0 never executed
branch  1 never executed
        -: 1419:        {
    #####: 1420:            return -1;
        -: 1421:        }
        -: 1422:
        -: 1423:        //add embargo token to selected supply pile
    #####: 1424:        state->embargoTokens[choice1]++;
        -: 1425:
        -: 1426:        //trash card
    #####: 1427:        discardCard(handPos, currentPlayer, state, 1);
call    0 never executed
    #####: 1428:        return 0;
        -: 1429:
    #####: 1430:    case outpost:
        -: 1431:        //set outpost flag
    #####: 1432:        state->outpostPlayed++;
        -: 1433:
        -: 1434:        //discard card
    #####: 1435:        discardCard(handPos, currentPlayer, state, 0);
call    0 never executed
    #####: 1436:        return 0;
        -: 1437:
    #####: 1438:    case salvager:
        -: 1439:        //+1 buy
    #####: 1440:        state->numBuys++;
        -: 1441:
    #####: 1442:        if (choice1)
branch  0 never executed
branch  1 never executed
        -: 1443:        {
        -: 1444:            //gain coins equal to trashed card
    #####: 1445:            state->coins = state->coins + getCost( handCard(choice1, state) );
call    0 never executed
call    1 never executed
        -: 1446:            //trash card
    #####: 1447:            discardCard(choice1, currentPlayer, state, 1);
call    0 never executed
        -: 1448:        }
        -: 1449:
        -: 1450:        //discard card
    #####: 1451:        discardCard(handPos, currentPlayer, state, 0);
call    0 never executed
    #####: 1452:        return 0;
        -: 1453:
    #####: 1454:    case sea_hag:
    #####: 1455:        for (i = 0; i < state->numPlayers; i++) {
branch  0 never executed
branch  1 never executed
    #####: 1456:            if (i != currentPlayer) {
branch  0 never executed
branch  1 never executed
    #####: 1457:                state->discard[i][state->discardCount[i]] = state->deck[i][state->deckCount[i]--];
    #####: 1458:                state->deckCount[i]--;
    #####: 1459:                state->discardCount[i]++;
    #####: 1460:                state->deck[i][state->deckCount[i]--] = curse;//Top card now a curse
        -: 1461:            }
        -: 1462:        }
    #####: 1463:        return 0;
        -: 1464:
    #####: 1465:    case treasure_map:
        -: 1466:        //search hand for another treasure_map
    #####: 1467:        index = -1;
    #####: 1468:        for (i = 0; i < state->handCount[currentPlayer]; i++)
branch  0 never executed
branch  1 never executed
        -: 1469:        {
    #####: 1470:            if (state->hand[currentPlayer][i] == treasure_map && i != handPos)
branch  0 never executed
branch  1 never executed
branch  2 never executed
branch  3 never executed
        -: 1471:            {
    #####: 1472:                index = i;
    #####: 1473:                break;
        -: 1474:            }
        -: 1475:        }
    #####: 1476:        if (index > -1)
branch  0 never executed
branch  1 never executed
        -: 1477:        {
        -: 1478:            //trash both treasure cards
    #####: 1479:            discardCard(handPos, currentPlayer, state, 1);
call    0 never executed
    #####: 1480:            discardCard(index, currentPlayer, state, 1);
call    0 never executed
        -: 1481:
        -: 1482:            //gain 4 Gold cards
    #####: 1483:            for (i = 0; i < 4; i++)
branch  0 never executed
branch  1 never executed
        -: 1484:            {
    #####: 1485:                gainCard(gold, state, 1, currentPlayer);
call    0 never executed
        -: 1486:            }
        -: 1487:
        -: 1488:            //return success
    #####: 1489:            return 1;
        -: 1490:        }
        -: 1491:
        -: 1492:        //no second treasure_map found in hand
    #####: 1493:        return -1;
        -: 1494:    }
        -: 1495:
    #####: 1496:    return -1;
        -: 1497:}
        -: 1498:
function discardCard called 4 returned 100% blocks executed 67%
        4: 1499:int discardCard(int handPos, int currentPlayer, struct gameState *state, int trashFlag)
        -: 1500:{
        -: 1501:
        -: 1502:    //if card is not trashed, added to Played pile
        4: 1503:    if (trashFlag < 1)
branch  0 taken 0% (fallthrough)
branch  1 taken 100%
        -: 1504:    {
        -: 1505:        //add card to played pile
    #####: 1506:        state->playedCards[state->playedCardCount] = state->hand[currentPlayer][handPos];
    #####: 1507:        state->playedCardCount++;
        -: 1508:    }
        -: 1509:
        -: 1510:    //set played card to -1
        4: 1511:    state->hand[currentPlayer][handPos] = -1;
        -: 1512:
        -: 1513:    //remove card from player's hand
        4: 1514:    if ( handPos == (state->handCount[currentPlayer] - 1) ) 	//last card in hand array is played
branch  0 taken 0% (fallthrough)
branch  1 taken 100%
        -: 1515:    {
        -: 1516:        //reduce number of cards in hand
    #####: 1517:        state->handCount[currentPlayer]--;
        -: 1518:    }
        4: 1519:    else if ( state->handCount[currentPlayer] == 1 ) //only one card in hand
branch  0 taken 0% (fallthrough)
branch  1 taken 100%
        -: 1520:    {
        -: 1521:        //reduce number of cards in hand
    #####: 1522:        state->handCount[currentPlayer]--;
        -: 1523:    }
        -: 1524:    else
        -: 1525:    {
        -: 1526:        //replace discarded card with last card in hand
        4: 1527:        state->hand[currentPlayer][handPos] = state->hand[currentPlayer][ (state->handCount[currentPlayer] - 1)];
        -: 1528:        //set last card to -1
        4: 1529:        state->hand[currentPlayer][state->handCount[currentPlayer] - 1] = -1;
        -: 1530:        //reduce number of cards in hand
        4: 1531:        state->handCount[currentPlayer]--;
        -: 1532:    }
        -: 1533:
        4: 1534:    return 0;
        -: 1535:}
        -: 1536:
function gainCard called 2 returned 100% blocks executed 70%
        2: 1537:int gainCard(int supplyPos, struct gameState *state, int toFlag, int player)
        -: 1538:{
        -: 1539:    //Note: supplyPos is enum of choosen card
        -: 1540:
        -: 1541:    //check if supply pile is empty (0) or card is not used in game (-1)
        2: 1542:    if ( supplyCount(supplyPos, state) < 1 )
call    0 returned 100%
branch  1 taken 0% (fallthrough)
branch  2 taken 100%
        -: 1543:    {
    #####: 1544:        return -1;
        -: 1545:    }
        -: 1546:
        -: 1547:    //added card for [whoseTurn] current player:
        -: 1548:    // toFlag = 0 : add to discard
        -: 1549:    // toFlag = 1 : add to deck
        -: 1550:    // toFlag = 2 : add to hand
        -: 1551:
        2: 1552:    if (toFlag == 1)
branch  0 taken 0% (fallthrough)
branch  1 taken 100%
        -: 1553:    {
    #####: 1554:        state->deck[ player ][ state->deckCount[player] ] = supplyPos;
    #####: 1555:        state->deckCount[player]++;
        -: 1556:    }
        2: 1557:    else if (toFlag == 2)
branch  0 taken 100% (fallthrough)
branch  1 taken 0%
        -: 1558:    {
        2: 1559:        state->hand[ player ][ state->handCount[player] ] = supplyPos;
        2: 1560:        state->handCount[player]++;
        -: 1561:    }
        -: 1562:    else
        -: 1563:    {
    #####: 1564:        state->discard[player][ state->discardCount[player] ] = supplyPos;
    #####: 1565:        state->discardCount[player]++;
        -: 1566:    }
        -: 1567:
        -: 1568:    //decrease number in supply pile
        2: 1569:    state->supplyCount[supplyPos]--;
        -: 1570:
        2: 1571:    return 0;
        -: 1572:}
        -: 1573:
function updateCoins called 4 returned 100% blocks executed 36%
        4: 1574:int updateCoins(int player, struct gameState *state, int bonus)
        -: 1575:{
        -: 1576:    int i;
        -: 1577:
        -: 1578:    //reset coin count
        4: 1579:    state->coins = 0;
        -: 1580:
        -: 1581:    //add coins for each Treasure card in player's hand
        4: 1582:    for (i = 0; i < state->handCount[player]; i++)
branch  0 taken 0%
branch  1 taken 100% (fallthrough)
        -: 1583:    {
    #####: 1584:        if (state->hand[player][i] == copper)
branch  0 never executed
branch  1 never executed
        -: 1585:        {
    #####: 1586:            state->coins += 1;
        -: 1587:        }
    #####: 1588:        else if (state->hand[player][i] == silver)
branch  0 never executed
branch  1 never executed
        -: 1589:        {
    #####: 1590:            state->coins += 2;
        -: 1591:        }
    #####: 1592:        else if (state->hand[player][i] == gold)
branch  0 never executed
branch  1 never executed
        -: 1593:        {
    #####: 1594:            state->coins += 3;
        -: 1595:        }
        -: 1596:    }
        -: 1597:
        -: 1598:    //add bonus
        4: 1599:    state->coins += bonus;
        -: 1600:
        4: 1601:    return 0;
        -: 1602:}
        -: 1603:
        -: 1604:
        -: 1605://end of dominion.c
